<?xml version="1.0" encoding="UTF-8"?>
<testsuites name="AlertTestSuite" time="47.03" tests="2" failures="0" skips="0" errors="0">
   <testsuite name="AlertTestSuite" tests="2" failures="0" errors="0" time="47.03" skips="0" timestamp="2021-05-16 13:16:06" hostname="rathr1 - L41992WUS.rpega.com" id="Test Suites/AlertTestSuite">
      <properties>
         <property name="deviceName" value=""/>
         <property name="devicePlatform" value=""/>
         <property name="logFolder" value="C:\\Data\\GitHub\\SeleniumAutomationWithKatalonStudio7.4.x\\Reports\\20210516_131559\\AlertTestSuite\\20210516_131559"/>
         <property name="logFiles" value="C:\\Data\\GitHub\\SeleniumAutomationWithKatalonStudio7.4.x\\Reports\\20210516_131559\\AlertTestSuite\\20210516_131559\\execution0.log"/>
         <property name="attachments" value=""/>
         <property name="hostName" value="rathr1 - L41992WUS.rpega.com"/>
         <property name="os" value="Windows 10 64bit"/>
         <property name="katalonVersion" value="7.8.0.208"/>
         <property name="browser" value="Chrome 90.0.4430.212"/>
         <property name="hostAddress" value="55.55.55.1"/>
         <property name="sessionId" value="f0bfdc6447541f9de2eefcd44d2fe457"/>
         <property name="seleniumVersion" value="3.141.59"/>
         <property name="proxyInformation" value="ProxyInformation { proxyOption=NO_PROXY, proxyServerType=HTTP, username=, password=********, proxyServerAddress=, proxyServerPort=0, executionList=&quot;&quot;, isApplyToDesiredCapabilities=true }"/>
         <property name="platform" value="Windows 10"/>
      </properties>
      <testcase name="Test Cases/Alert/TC-HandleAlert - Copy" time="25.779" classname="Test Cases/Alert/TC-HandleAlert - Copy" status="PASSED">
         <system-out><![CDATA[2021-05-16 13:16:10 - [TEST_CASE][PASSED] - Test Cases/Alert/TC-HandleAlert - Copy: Test Cases/Alert/TC-HandleAlert - Copy

2021-05-16 13:16:10 - [TEST_STEP][PASSED] - openBrowser("https://www.w3schools.com/js/js_popup.asp"): Browser is opened with url: 'https://www.w3schools.com/js/js_popup.asp'

2021-05-16 13:16:10 - [MESSAGE][WARNING] - A browser is already opened. Closing browser and opening a new one

2021-05-16 13:16:10 - [MESSAGE][INFO] - Connecting to remote web server 'http://localhost:4444/wd/hub' with type 'Selenium'

2021-05-16 13:16:10 - [MESSAGE][INFO] - Action delay is set to 0 milliseconds

2021-05-16 13:16:12 - [MESSAGE][ERROR] - no such element: Unable to locate element: {"method":"css selector","selector":"#katalon_only_element"}
  (Session info: chrome=90.0.4430.212)
For documentation on this error, please visit: https://www.seleniumhq.org/exceptions/no_such_element.html
Build info: version: '3.141.59', revision: 'e82be7d358', time: '2018-11-14T08:25:53'
System info: host: 'L41992WUS', ip: '55.55.55.1', os.name: 'Windows 10', os.arch: 'amd64', os.version: '10.0', java.version: '1.8.0_181'
Driver info: com.kms.katalon.selenium.driver.CRemoteWebDriver
Capabilities {acceptInsecureCerts: false, browserName: chrome, browserVersion: 90.0.4430.212, chrome: {chromedriverVersion: 90.0.4430.24 (4c6d850f087da..., userDataDir: /tmp/.com.google.Chrome.ABO8M8}, goog:chromeOptions: {debuggerAddress: localhost:42167}, javascriptEnabled: true, networkConnectionEnabled: false, pageLoadStrategy: normal, platform: LINUX, platformName: LINUX, proxy: Proxy(), setWindowRect: true, strictFileInteractability: false, timeouts: {implicit: 0, pageLoad: 300000, script: 30000}, unhandledPromptBehavior: dismiss and notify, webauthn:extension:largeBlob: true, webauthn:virtualAuthenticators: true}
Session ID: 65583d7fc2cf2a73ccea0eff9730bb60
*** Element info: {Using=id, value=katalon_only_element}

2021-05-16 13:16:12 - [MESSAGE][PASSED] - Browser is opened with url: 'https://www.w3schools.com/js/js_popup.asp'

2021-05-16 13:16:12 - [TEST_STEP][PASSED] - waitForPageLoad(TimeOut): Wait for page load successfully

2021-05-16 13:16:12 - [MESSAGE][PASSED] - Wait for page load successfully

2021-05-16 13:16:12 - [TEST_STEP][PASSED] - maximizeWindow(): Current window maximized

2021-05-16 13:16:12 - [MESSAGE][PASSED] - Current window maximized

2021-05-16 13:16:12 - [TEST_STEP][PASSED] - click(findTestObject("W3School/TryItBtn")): Object: 'Object Repository/W3School/TryItBtn' is clicked on

2021-05-16 13:16:12 - [MESSAGE][PASSED] - Object: 'Object Repository/W3School/TryItBtn' is clicked on

2021-05-16 13:16:12 - [TEST_STEP][PASSED] - delay(1): Delayed 1 second(s)

2021-05-16 13:16:13 - [MESSAGE][PASSED] - Delayed 1 second(s)

2021-05-16 13:16:13 - [TEST_STEP][PASSED] - switchToWindowIndex(1): Switched to window with index: '1'

2021-05-16 13:16:13 - [MESSAGE][PASSED] - Switched to window with index: '1'

2021-05-16 13:16:13 - [TEST_STEP][PASSED] - switchToFrame(findTestObject("W3School/TryItButtonFrame"), TimeOut): null

2021-05-16 13:16:13 - [TEST_STEP][PASSED] - click(findTestObject("W3School/TryButton")): Object: 'Object Repository/W3School/TryButton' is clicked on

2021-05-16 13:16:13 - [MESSAGE][PASSED] - Object: 'Object Repository/W3School/TryButton' is clicked on

2021-05-16 13:16:13 - [TEST_STEP][PASSED] - acceptAlert(): Alert accepted

2021-05-16 13:16:13 - [MESSAGE][PASSED] - Alert accepted

2021-05-16 13:16:13 - [TEST_STEP][PASSED] - switchToDefaultContent(): null

2021-05-16 13:16:13 - [TEST_STEP][PASSED] - closeBrowser(): Browser is closed

2021-05-16 13:16:13 - [MESSAGE][PASSED] - Browser is closed

2021-05-16 13:16:13 - [TEST_STEP][PASSED] - openBrowser("https://www.w3schools.com/js/js_popup.asp"): Browser is opened with url: 'https://www.w3schools.com/js/js_popup.asp'

2021-05-16 13:16:13 - [MESSAGE][INFO] - Connecting to remote web server 'http://localhost:4444/wd/hub' with type 'Selenium'

2021-05-16 13:16:13 - [MESSAGE][INFO] - Action delay is set to 0 milliseconds

2021-05-16 13:16:15 - [MESSAGE][ERROR] - no such element: Unable to locate element: {"method":"css selector","selector":"#katalon_only_element"}
  (Session info: chrome=90.0.4430.212)
For documentation on this error, please visit: https://www.seleniumhq.org/exceptions/no_such_element.html
Build info: version: '3.141.59', revision: 'e82be7d358', time: '2018-11-14T08:25:53'
System info: host: 'L41992WUS', ip: '55.55.55.1', os.name: 'Windows 10', os.arch: 'amd64', os.version: '10.0', java.version: '1.8.0_181'
Driver info: com.kms.katalon.selenium.driver.CRemoteWebDriver
Capabilities {acceptInsecureCerts: false, browserName: chrome, browserVersion: 90.0.4430.212, chrome: {chromedriverVersion: 90.0.4430.24 (4c6d850f087da..., userDataDir: /tmp/.com.google.Chrome.PweJhk}, goog:chromeOptions: {debuggerAddress: localhost:41909}, javascriptEnabled: true, networkConnectionEnabled: false, pageLoadStrategy: normal, platform: LINUX, platformName: LINUX, proxy: Proxy(), setWindowRect: true, strictFileInteractability: false, timeouts: {implicit: 0, pageLoad: 300000, script: 30000}, unhandledPromptBehavior: dismiss and notify, webauthn:extension:largeBlob: true, webauthn:virtualAuthenticators: true}
Session ID: aca6e264215bcd68f78fbed9d37a2918
*** Element info: {Using=id, value=katalon_only_element}

2021-05-16 13:16:15 - [MESSAGE][PASSED] - Browser is opened with url: 'https://www.w3schools.com/js/js_popup.asp'

2021-05-16 13:16:15 - [TEST_STEP][PASSED] - waitForPageLoad(TimeOut): Wait for page load successfully

2021-05-16 13:16:15 - [MESSAGE][PASSED] - Wait for page load successfully

2021-05-16 13:16:15 - [TEST_STEP][PASSED] - maximizeWindow(): Current window maximized

2021-05-16 13:16:15 - [MESSAGE][PASSED] - Current window maximized

2021-05-16 13:16:15 - [TEST_STEP][PASSED] - click(findTestObject("W3School/TryItBtn")): Object: 'Object Repository/W3School/TryItBtn' is clicked on

2021-05-16 13:16:15 - [MESSAGE][PASSED] - Object: 'Object Repository/W3School/TryItBtn' is clicked on

2021-05-16 13:16:15 - [TEST_STEP][PASSED] - delay(1): Delayed 1 second(s)

2021-05-16 13:16:16 - [MESSAGE][PASSED] - Delayed 1 second(s)

2021-05-16 13:16:16 - [TEST_STEP][PASSED] - switchToWindowIndex(1): Switched to window with index: '1'

2021-05-16 13:16:16 - [MESSAGE][PASSED] - Switched to window with index: '1'

2021-05-16 13:16:16 - [TEST_STEP][PASSED] - switchToFrame(findTestObject("W3School/TryItButtonFrame"), TimeOut): null

2021-05-16 13:16:16 - [TEST_STEP][PASSED] - click(findTestObject("W3School/TryButton")): Object: 'Object Repository/W3School/TryButton' is clicked on

2021-05-16 13:16:16 - [MESSAGE][PASSED] - Object: 'Object Repository/W3School/TryButton' is clicked on

2021-05-16 13:16:16 - [TEST_STEP][PASSED] - acceptAlert(): Alert accepted

2021-05-16 13:16:16 - [MESSAGE][PASSED] - Alert accepted

2021-05-16 13:16:16 - [TEST_STEP][PASSED] - switchToDefaultContent(): null

2021-05-16 13:16:16 - [TEST_STEP][PASSED] - closeBrowser(): Browser is closed

2021-05-16 13:16:17 - [MESSAGE][PASSED] - Browser is closed

2021-05-16 13:16:17 - [TEST_STEP][PASSED] - openBrowser("https://www.w3schools.com/js/js_popup.asp"): Browser is opened with url: 'https://www.w3schools.com/js/js_popup.asp'

2021-05-16 13:16:17 - [MESSAGE][INFO] - Connecting to remote web server 'http://localhost:4444/wd/hub' with type 'Selenium'

2021-05-16 13:16:17 - [MESSAGE][INFO] - Action delay is set to 0 milliseconds

2021-05-16 13:16:18 - [MESSAGE][ERROR] - no such element: Unable to locate element: {"method":"css selector","selector":"#katalon_only_element"}
  (Session info: chrome=90.0.4430.212)
For documentation on this error, please visit: https://www.seleniumhq.org/exceptions/no_such_element.html
Build info: version: '3.141.59', revision: 'e82be7d358', time: '2018-11-14T08:25:53'
System info: host: 'L41992WUS', ip: '55.55.55.1', os.name: 'Windows 10', os.arch: 'amd64', os.version: '10.0', java.version: '1.8.0_181'
Driver info: com.kms.katalon.selenium.driver.CRemoteWebDriver
Capabilities {acceptInsecureCerts: false, browserName: chrome, browserVersion: 90.0.4430.212, chrome: {chromedriverVersion: 90.0.4430.24 (4c6d850f087da..., userDataDir: /tmp/.com.google.Chrome.SC5hxN}, goog:chromeOptions: {debuggerAddress: localhost:46639}, javascriptEnabled: true, networkConnectionEnabled: false, pageLoadStrategy: normal, platform: LINUX, platformName: LINUX, proxy: Proxy(), setWindowRect: true, strictFileInteractability: false, timeouts: {implicit: 0, pageLoad: 300000, script: 30000}, unhandledPromptBehavior: dismiss and notify, webauthn:extension:largeBlob: true, webauthn:virtualAuthenticators: true}
Session ID: afacfbac70b1a2a913a2cf19183fd746
*** Element info: {Using=id, value=katalon_only_element}

2021-05-16 13:16:18 - [MESSAGE][PASSED] - Browser is opened with url: 'https://www.w3schools.com/js/js_popup.asp'

2021-05-16 13:16:18 - [TEST_STEP][PASSED] - waitForPageLoad(TimeOut): Wait for page load successfully

2021-05-16 13:16:18 - [MESSAGE][PASSED] - Wait for page load successfully

2021-05-16 13:16:18 - [TEST_STEP][PASSED] - maximizeWindow(): Current window maximized

2021-05-16 13:16:18 - [MESSAGE][PASSED] - Current window maximized

2021-05-16 13:16:18 - [TEST_STEP][PASSED] - click(findTestObject("W3School/TryItBtn")): Object: 'Object Repository/W3School/TryItBtn' is clicked on

2021-05-16 13:16:18 - [MESSAGE][PASSED] - Object: 'Object Repository/W3School/TryItBtn' is clicked on

2021-05-16 13:16:18 - [TEST_STEP][PASSED] - delay(1): Delayed 1 second(s)

2021-05-16 13:16:19 - [MESSAGE][PASSED] - Delayed 1 second(s)

2021-05-16 13:16:19 - [TEST_STEP][PASSED] - switchToWindowIndex(1): Switched to window with index: '1'

2021-05-16 13:16:19 - [MESSAGE][PASSED] - Switched to window with index: '1'

2021-05-16 13:16:19 - [TEST_STEP][PASSED] - switchToFrame(findTestObject("W3School/TryItButtonFrame"), TimeOut): null

2021-05-16 13:16:19 - [TEST_STEP][PASSED] - click(findTestObject("W3School/TryButton")): Object: 'Object Repository/W3School/TryButton' is clicked on

2021-05-16 13:16:19 - [MESSAGE][PASSED] - Object: 'Object Repository/W3School/TryButton' is clicked on

2021-05-16 13:16:19 - [TEST_STEP][PASSED] - acceptAlert(): Alert accepted

2021-05-16 13:16:19 - [MESSAGE][PASSED] - Alert accepted

2021-05-16 13:16:19 - [TEST_STEP][PASSED] - switchToDefaultContent(): null

2021-05-16 13:16:19 - [TEST_STEP][PASSED] - closeBrowser(): Browser is closed

2021-05-16 13:16:19 - [MESSAGE][PASSED] - Browser is closed

2021-05-16 13:16:19 - [TEST_STEP][PASSED] - openBrowser("https://www.w3schools.com/js/js_popup.asp"): Browser is opened with url: 'https://www.w3schools.com/js/js_popup.asp'

2021-05-16 13:16:19 - [MESSAGE][INFO] - Connecting to remote web server 'http://localhost:4444/wd/hub' with type 'Selenium'

2021-05-16 13:16:19 - [MESSAGE][INFO] - Action delay is set to 0 milliseconds

2021-05-16 13:16:21 - [MESSAGE][ERROR] - no such element: Unable to locate element: {"method":"css selector","selector":"#katalon_only_element"}
  (Session info: chrome=90.0.4430.212)
For documentation on this error, please visit: https://www.seleniumhq.org/exceptions/no_such_element.html
Build info: version: '3.141.59', revision: 'e82be7d358', time: '2018-11-14T08:25:53'
System info: host: 'L41992WUS', ip: '55.55.55.1', os.name: 'Windows 10', os.arch: 'amd64', os.version: '10.0', java.version: '1.8.0_181'
Driver info: com.kms.katalon.selenium.driver.CRemoteWebDriver
Capabilities {acceptInsecureCerts: false, browserName: chrome, browserVersion: 90.0.4430.212, chrome: {chromedriverVersion: 90.0.4430.24 (4c6d850f087da..., userDataDir: /tmp/.com.google.Chrome.vqUbLP}, goog:chromeOptions: {debuggerAddress: localhost:41531}, javascriptEnabled: true, networkConnectionEnabled: false, pageLoadStrategy: normal, platform: LINUX, platformName: LINUX, proxy: Proxy(), setWindowRect: true, strictFileInteractability: false, timeouts: {implicit: 0, pageLoad: 300000, script: 30000}, unhandledPromptBehavior: dismiss and notify, webauthn:extension:largeBlob: true, webauthn:virtualAuthenticators: true}
Session ID: 6a620970e4de60164d50c92428d49822
*** Element info: {Using=id, value=katalon_only_element}

2021-05-16 13:16:21 - [MESSAGE][PASSED] - Browser is opened with url: 'https://www.w3schools.com/js/js_popup.asp'

2021-05-16 13:16:21 - [TEST_STEP][PASSED] - waitForPageLoad(TimeOut): Wait for page load successfully

2021-05-16 13:16:21 - [MESSAGE][PASSED] - Wait for page load successfully

2021-05-16 13:16:21 - [TEST_STEP][PASSED] - maximizeWindow(): Current window maximized

2021-05-16 13:16:21 - [MESSAGE][PASSED] - Current window maximized

2021-05-16 13:16:21 - [TEST_STEP][PASSED] - click(findTestObject("W3School/TryItBtn")): Object: 'Object Repository/W3School/TryItBtn' is clicked on

2021-05-16 13:16:21 - [MESSAGE][PASSED] - Object: 'Object Repository/W3School/TryItBtn' is clicked on

2021-05-16 13:16:21 - [TEST_STEP][PASSED] - delay(1): Delayed 1 second(s)

2021-05-16 13:16:22 - [MESSAGE][PASSED] - Delayed 1 second(s)

2021-05-16 13:16:22 - [TEST_STEP][PASSED] - switchToWindowIndex(1): Switched to window with index: '1'

2021-05-16 13:16:22 - [MESSAGE][PASSED] - Switched to window with index: '1'

2021-05-16 13:16:22 - [TEST_STEP][PASSED] - switchToFrame(findTestObject("W3School/TryItButtonFrame"), TimeOut): null

2021-05-16 13:16:23 - [TEST_STEP][PASSED] - click(findTestObject("W3School/TryButton")): Object: 'Object Repository/W3School/TryButton' is clicked on

2021-05-16 13:16:23 - [MESSAGE][PASSED] - Object: 'Object Repository/W3School/TryButton' is clicked on

2021-05-16 13:16:23 - [TEST_STEP][PASSED] - acceptAlert(): Alert accepted

2021-05-16 13:16:23 - [MESSAGE][PASSED] - Alert accepted

2021-05-16 13:16:23 - [TEST_STEP][PASSED] - switchToDefaultContent(): null

2021-05-16 13:16:23 - [TEST_STEP][PASSED] - closeBrowser(): Browser is closed

2021-05-16 13:16:23 - [MESSAGE][PASSED] - Browser is closed

2021-05-16 13:16:23 - [TEST_STEP][PASSED] - openBrowser("https://www.w3schools.com/js/js_popup.asp"): Browser is opened with url: 'https://www.w3schools.com/js/js_popup.asp'

2021-05-16 13:16:23 - [MESSAGE][INFO] - Connecting to remote web server 'http://localhost:4444/wd/hub' with type 'Selenium'

2021-05-16 13:16:23 - [MESSAGE][INFO] - Action delay is set to 0 milliseconds

2021-05-16 13:16:24 - [MESSAGE][ERROR] - no such element: Unable to locate element: {"method":"css selector","selector":"#katalon_only_element"}
  (Session info: chrome=90.0.4430.212)
For documentation on this error, please visit: https://www.seleniumhq.org/exceptions/no_such_element.html
Build info: version: '3.141.59', revision: 'e82be7d358', time: '2018-11-14T08:25:53'
System info: host: 'L41992WUS', ip: '55.55.55.1', os.name: 'Windows 10', os.arch: 'amd64', os.version: '10.0', java.version: '1.8.0_181'
Driver info: com.kms.katalon.selenium.driver.CRemoteWebDriver
Capabilities {acceptInsecureCerts: false, browserName: chrome, browserVersion: 90.0.4430.212, chrome: {chromedriverVersion: 90.0.4430.24 (4c6d850f087da..., userDataDir: /tmp/.com.google.Chrome.qY50qs}, goog:chromeOptions: {debuggerAddress: localhost:43435}, javascriptEnabled: true, networkConnectionEnabled: false, pageLoadStrategy: normal, platform: LINUX, platformName: LINUX, proxy: Proxy(), setWindowRect: true, strictFileInteractability: false, timeouts: {implicit: 0, pageLoad: 300000, script: 30000}, unhandledPromptBehavior: dismiss and notify, webauthn:extension:largeBlob: true, webauthn:virtualAuthenticators: true}
Session ID: 87964b337df754e61dca6684eeba6192
*** Element info: {Using=id, value=katalon_only_element}

2021-05-16 13:16:24 - [MESSAGE][PASSED] - Browser is opened with url: 'https://www.w3schools.com/js/js_popup.asp'

2021-05-16 13:16:24 - [TEST_STEP][PASSED] - waitForPageLoad(TimeOut): Wait for page load successfully

2021-05-16 13:16:24 - [MESSAGE][PASSED] - Wait for page load successfully

2021-05-16 13:16:24 - [TEST_STEP][PASSED] - maximizeWindow(): Current window maximized

2021-05-16 13:16:24 - [MESSAGE][PASSED] - Current window maximized

2021-05-16 13:16:24 - [TEST_STEP][PASSED] - click(findTestObject("W3School/TryItBtn")): Object: 'Object Repository/W3School/TryItBtn' is clicked on

2021-05-16 13:16:24 - [MESSAGE][PASSED] - Object: 'Object Repository/W3School/TryItBtn' is clicked on

2021-05-16 13:16:24 - [TEST_STEP][PASSED] - delay(1): Delayed 1 second(s)

2021-05-16 13:16:25 - [MESSAGE][PASSED] - Delayed 1 second(s)

2021-05-16 13:16:25 - [TEST_STEP][PASSED] - switchToWindowIndex(1): Switched to window with index: '1'

2021-05-16 13:16:25 - [MESSAGE][PASSED] - Switched to window with index: '1'

2021-05-16 13:16:25 - [TEST_STEP][PASSED] - switchToFrame(findTestObject("W3School/TryItButtonFrame"), TimeOut): null

2021-05-16 13:16:25 - [TEST_STEP][PASSED] - click(findTestObject("W3School/TryButton")): Object: 'Object Repository/W3School/TryButton' is clicked on

2021-05-16 13:16:25 - [MESSAGE][PASSED] - Object: 'Object Repository/W3School/TryButton' is clicked on

2021-05-16 13:16:25 - [TEST_STEP][PASSED] - acceptAlert(): Alert accepted

2021-05-16 13:16:25 - [MESSAGE][PASSED] - Alert accepted

2021-05-16 13:16:25 - [TEST_STEP][PASSED] - switchToDefaultContent(): null

2021-05-16 13:16:26 - [TEST_STEP][PASSED] - closeBrowser(): Browser is closed

2021-05-16 13:16:26 - [MESSAGE][PASSED] - Browser is closed

2021-05-16 13:16:26 - [TEST_STEP][PASSED] - openBrowser("https://www.w3schools.com/js/js_popup.asp"): Browser is opened with url: 'https://www.w3schools.com/js/js_popup.asp'

2021-05-16 13:16:26 - [MESSAGE][INFO] - Connecting to remote web server 'http://localhost:4444/wd/hub' with type 'Selenium'

2021-05-16 13:16:26 - [MESSAGE][INFO] - Action delay is set to 0 milliseconds

2021-05-16 13:16:27 - [MESSAGE][ERROR] - no such element: Unable to locate element: {"method":"css selector","selector":"#katalon_only_element"}
  (Session info: chrome=90.0.4430.212)
For documentation on this error, please visit: https://www.seleniumhq.org/exceptions/no_such_element.html
Build info: version: '3.141.59', revision: 'e82be7d358', time: '2018-11-14T08:25:53'
System info: host: 'L41992WUS', ip: '55.55.55.1', os.name: 'Windows 10', os.arch: 'amd64', os.version: '10.0', java.version: '1.8.0_181'
Driver info: com.kms.katalon.selenium.driver.CRemoteWebDriver
Capabilities {acceptInsecureCerts: false, browserName: chrome, browserVersion: 90.0.4430.212, chrome: {chromedriverVersion: 90.0.4430.24 (4c6d850f087da..., userDataDir: /tmp/.com.google.Chrome.o3fQNi}, goog:chromeOptions: {debuggerAddress: localhost:40953}, javascriptEnabled: true, networkConnectionEnabled: false, pageLoadStrategy: normal, platform: LINUX, platformName: LINUX, proxy: Proxy(), setWindowRect: true, strictFileInteractability: false, timeouts: {implicit: 0, pageLoad: 300000, script: 30000}, unhandledPromptBehavior: dismiss and notify, webauthn:extension:largeBlob: true, webauthn:virtualAuthenticators: true}
Session ID: e78292970c8c7379232da0d967982d66
*** Element info: {Using=id, value=katalon_only_element}

2021-05-16 13:16:27 - [MESSAGE][PASSED] - Browser is opened with url: 'https://www.w3schools.com/js/js_popup.asp'

2021-05-16 13:16:27 - [TEST_STEP][PASSED] - waitForPageLoad(TimeOut): Wait for page load successfully

2021-05-16 13:16:27 - [MESSAGE][PASSED] - Wait for page load successfully

2021-05-16 13:16:27 - [TEST_STEP][PASSED] - maximizeWindow(): Current window maximized

2021-05-16 13:16:27 - [MESSAGE][PASSED] - Current window maximized

2021-05-16 13:16:27 - [TEST_STEP][PASSED] - click(findTestObject("W3School/TryItBtn")): Object: 'Object Repository/W3School/TryItBtn' is clicked on

2021-05-16 13:16:27 - [MESSAGE][PASSED] - Object: 'Object Repository/W3School/TryItBtn' is clicked on

2021-05-16 13:16:27 - [TEST_STEP][PASSED] - delay(1): Delayed 1 second(s)

2021-05-16 13:16:28 - [MESSAGE][PASSED] - Delayed 1 second(s)

2021-05-16 13:16:28 - [TEST_STEP][PASSED] - switchToWindowIndex(1): Switched to window with index: '1'

2021-05-16 13:16:28 - [MESSAGE][PASSED] - Switched to window with index: '1'

2021-05-16 13:16:28 - [TEST_STEP][PASSED] - switchToFrame(findTestObject("W3School/TryItButtonFrame"), TimeOut): null

2021-05-16 13:16:28 - [TEST_STEP][PASSED] - click(findTestObject("W3School/TryButton")): Object: 'Object Repository/W3School/TryButton' is clicked on

2021-05-16 13:16:29 - [MESSAGE][PASSED] - Object: 'Object Repository/W3School/TryButton' is clicked on

2021-05-16 13:16:29 - [TEST_STEP][PASSED] - acceptAlert(): Alert accepted

2021-05-16 13:16:29 - [MESSAGE][PASSED] - Alert accepted

2021-05-16 13:16:29 - [TEST_STEP][PASSED] - switchToDefaultContent(): null

2021-05-16 13:16:29 - [TEST_STEP][PASSED] - closeBrowser(): Browser is closed

2021-05-16 13:16:29 - [MESSAGE][PASSED] - Browser is closed

2021-05-16 13:16:29 - [TEST_STEP][PASSED] - openBrowser("https://www.w3schools.com/js/js_popup.asp"): Browser is opened with url: 'https://www.w3schools.com/js/js_popup.asp'

2021-05-16 13:16:29 - [MESSAGE][INFO] - Connecting to remote web server 'http://localhost:4444/wd/hub' with type 'Selenium'

2021-05-16 13:16:29 - [MESSAGE][INFO] - Action delay is set to 0 milliseconds

2021-05-16 13:16:30 - [MESSAGE][ERROR] - no such element: Unable to locate element: {"method":"css selector","selector":"#katalon_only_element"}
  (Session info: chrome=90.0.4430.212)
For documentation on this error, please visit: https://www.seleniumhq.org/exceptions/no_such_element.html
Build info: version: '3.141.59', revision: 'e82be7d358', time: '2018-11-14T08:25:53'
System info: host: 'L41992WUS', ip: '55.55.55.1', os.name: 'Windows 10', os.arch: 'amd64', os.version: '10.0', java.version: '1.8.0_181'
Driver info: com.kms.katalon.selenium.driver.CRemoteWebDriver
Capabilities {acceptInsecureCerts: false, browserName: chrome, browserVersion: 90.0.4430.212, chrome: {chromedriverVersion: 90.0.4430.24 (4c6d850f087da..., userDataDir: /tmp/.com.google.Chrome.KeOFZD}, goog:chromeOptions: {debuggerAddress: localhost:39311}, javascriptEnabled: true, networkConnectionEnabled: false, pageLoadStrategy: normal, platform: LINUX, platformName: LINUX, proxy: Proxy(), setWindowRect: true, strictFileInteractability: false, timeouts: {implicit: 0, pageLoad: 300000, script: 30000}, unhandledPromptBehavior: dismiss and notify, webauthn:extension:largeBlob: true, webauthn:virtualAuthenticators: true}
Session ID: a807b700de04cf41a753bf9cfa322e6a
*** Element info: {Using=id, value=katalon_only_element}

2021-05-16 13:16:30 - [MESSAGE][PASSED] - Browser is opened with url: 'https://www.w3schools.com/js/js_popup.asp'

2021-05-16 13:16:30 - [TEST_STEP][PASSED] - waitForPageLoad(TimeOut): Wait for page load successfully

2021-05-16 13:16:30 - [MESSAGE][PASSED] - Wait for page load successfully

2021-05-16 13:16:30 - [TEST_STEP][PASSED] - maximizeWindow(): Current window maximized

2021-05-16 13:16:30 - [MESSAGE][PASSED] - Current window maximized

2021-05-16 13:16:30 - [TEST_STEP][PASSED] - click(findTestObject("W3School/TryItBtn")): Object: 'Object Repository/W3School/TryItBtn' is clicked on

2021-05-16 13:16:31 - [MESSAGE][PASSED] - Object: 'Object Repository/W3School/TryItBtn' is clicked on

2021-05-16 13:16:31 - [TEST_STEP][PASSED] - delay(1): Delayed 1 second(s)

2021-05-16 13:16:32 - [MESSAGE][PASSED] - Delayed 1 second(s)

2021-05-16 13:16:32 - [TEST_STEP][PASSED] - switchToWindowIndex(1): Switched to window with index: '1'

2021-05-16 13:16:32 - [MESSAGE][PASSED] - Switched to window with index: '1'

2021-05-16 13:16:32 - [TEST_STEP][PASSED] - switchToFrame(findTestObject("W3School/TryItButtonFrame"), TimeOut): null

2021-05-16 13:16:32 - [TEST_STEP][PASSED] - click(findTestObject("W3School/TryButton")): Object: 'Object Repository/W3School/TryButton' is clicked on

2021-05-16 13:16:32 - [MESSAGE][PASSED] - Object: 'Object Repository/W3School/TryButton' is clicked on

2021-05-16 13:16:32 - [TEST_STEP][PASSED] - acceptAlert(): Alert accepted

2021-05-16 13:16:32 - [MESSAGE][PASSED] - Alert accepted

2021-05-16 13:16:32 - [TEST_STEP][PASSED] - switchToDefaultContent(): null

2021-05-16 13:16:32 - [TEST_STEP][PASSED] - closeBrowser(): Browser is closed

2021-05-16 13:16:32 - [MESSAGE][PASSED] - Browser is closed

2021-05-16 13:16:32 - [TEST_STEP][PASSED] - openBrowser("https://www.w3schools.com/js/js_popup.asp"): Browser is opened with url: 'https://www.w3schools.com/js/js_popup.asp'

2021-05-16 13:16:32 - [MESSAGE][INFO] - Connecting to remote web server 'http://localhost:4444/wd/hub' with type 'Selenium'

2021-05-16 13:16:32 - [MESSAGE][INFO] - Action delay is set to 0 milliseconds

2021-05-16 13:16:34 - [MESSAGE][ERROR] - no such element: Unable to locate element: {"method":"css selector","selector":"#katalon_only_element"}
  (Session info: chrome=90.0.4430.212)
For documentation on this error, please visit: https://www.seleniumhq.org/exceptions/no_such_element.html
Build info: version: '3.141.59', revision: 'e82be7d358', time: '2018-11-14T08:25:53'
System info: host: 'L41992WUS', ip: '55.55.55.1', os.name: 'Windows 10', os.arch: 'amd64', os.version: '10.0', java.version: '1.8.0_181'
Driver info: com.kms.katalon.selenium.driver.CRemoteWebDriver
Capabilities {acceptInsecureCerts: false, browserName: chrome, browserVersion: 90.0.4430.212, chrome: {chromedriverVersion: 90.0.4430.24 (4c6d850f087da..., userDataDir: /tmp/.com.google.Chrome.whOd83}, goog:chromeOptions: {debuggerAddress: localhost:38735}, javascriptEnabled: true, networkConnectionEnabled: false, pageLoadStrategy: normal, platform: LINUX, platformName: LINUX, proxy: Proxy(), setWindowRect: true, strictFileInteractability: false, timeouts: {implicit: 0, pageLoad: 300000, script: 30000}, unhandledPromptBehavior: dismiss and notify, webauthn:extension:largeBlob: true, webauthn:virtualAuthenticators: true}
Session ID: fb730bd0f956f14642086969271abb25
*** Element info: {Using=id, value=katalon_only_element}

2021-05-16 13:16:34 - [MESSAGE][PASSED] - Browser is opened with url: 'https://www.w3schools.com/js/js_popup.asp'

2021-05-16 13:16:34 - [TEST_STEP][PASSED] - waitForPageLoad(TimeOut): Wait for page load successfully

2021-05-16 13:16:34 - [MESSAGE][PASSED] - Wait for page load successfully

2021-05-16 13:16:34 - [TEST_STEP][PASSED] - maximizeWindow(): Current window maximized

2021-05-16 13:16:34 - [MESSAGE][PASSED] - Current window maximized

2021-05-16 13:16:34 - [TEST_STEP][PASSED] - click(findTestObject("W3School/TryItBtn")): Object: 'Object Repository/W3School/TryItBtn' is clicked on

2021-05-16 13:16:34 - [MESSAGE][PASSED] - Object: 'Object Repository/W3School/TryItBtn' is clicked on

2021-05-16 13:16:34 - [TEST_STEP][PASSED] - delay(1): Delayed 1 second(s)

2021-05-16 13:16:35 - [MESSAGE][PASSED] - Delayed 1 second(s)

2021-05-16 13:16:35 - [TEST_STEP][PASSED] - switchToWindowIndex(1): Switched to window with index: '1'

2021-05-16 13:16:35 - [MESSAGE][PASSED] - Switched to window with index: '1'

2021-05-16 13:16:35 - [TEST_STEP][PASSED] - switchToFrame(findTestObject("W3School/TryItButtonFrame"), TimeOut): null

2021-05-16 13:16:35 - [TEST_STEP][PASSED] - click(findTestObject("W3School/TryButton")): Object: 'Object Repository/W3School/TryButton' is clicked on

2021-05-16 13:16:35 - [MESSAGE][PASSED] - Object: 'Object Repository/W3School/TryButton' is clicked on

2021-05-16 13:16:35 - [TEST_STEP][PASSED] - acceptAlert(): Alert accepted

2021-05-16 13:16:35 - [MESSAGE][PASSED] - Alert accepted

2021-05-16 13:16:35 - [TEST_STEP][PASSED] - switchToDefaultContent(): null

2021-05-16 13:16:35 - [TEST_STEP][PASSED] - closeBrowser(): Browser is closed

2021-05-16 13:16:36 - [MESSAGE][PASSED] - Browser is closed]]></system-out>
         <system-err><![CDATA[]]></system-err>
      </testcase>
      <testcase name="Test Cases/Alert/TC-HandleAlert" time="17.31" classname="Test Cases/Alert/TC-HandleAlert" status="PASSED">
         <system-out><![CDATA[2021-05-16 13:16:36 - [TEST_CASE][PASSED] - Test Cases/Alert/TC-HandleAlert: Test Cases/Alert/TC-HandleAlert

2021-05-16 13:16:36 - [TEST_STEP][PASSED] - openBrowser(null): Browser is opened with url: 'null'

2021-05-16 13:16:36 - [MESSAGE][INFO] - Connecting to remote web server 'http://localhost:4444/wd/hub' with type 'Selenium'

2021-05-16 13:16:36 - [MESSAGE][INFO] - Action delay is set to 0 milliseconds

2021-05-16 13:16:36 - [MESSAGE][PASSED] - Browser is opened with url: 'null'

2021-05-16 13:16:36 - [TEST_STEP][PASSED] - navigateToUrl("https://www.w3schools.com/js/js_popup.asp"): Navigate to 'https://www.w3schools.com/js/js_popup.asp' successfully

2021-05-16 13:16:37 - [MESSAGE][ERROR] - no such element: Unable to locate element: {"method":"css selector","selector":"#katalon_only_element"}
  (Session info: chrome=90.0.4430.212)
For documentation on this error, please visit: https://www.seleniumhq.org/exceptions/no_such_element.html
Build info: version: '3.141.59', revision: 'e82be7d358', time: '2018-11-14T08:25:53'
System info: host: 'L41992WUS', ip: '55.55.55.1', os.name: 'Windows 10', os.arch: 'amd64', os.version: '10.0', java.version: '1.8.0_181'
Driver info: com.kms.katalon.selenium.driver.CRemoteWebDriver
Capabilities {acceptInsecureCerts: false, browserName: chrome, browserVersion: 90.0.4430.212, chrome: {chromedriverVersion: 90.0.4430.24 (4c6d850f087da..., userDataDir: /tmp/.com.google.Chrome.UUhZMW}, goog:chromeOptions: {debuggerAddress: localhost:33805}, javascriptEnabled: true, networkConnectionEnabled: false, pageLoadStrategy: normal, platform: LINUX, platformName: LINUX, proxy: Proxy(), setWindowRect: true, strictFileInteractability: false, timeouts: {implicit: 0, pageLoad: 300000, script: 30000}, unhandledPromptBehavior: dismiss and notify, webauthn:extension:largeBlob: true, webauthn:virtualAuthenticators: true}
Session ID: f0bfdc6447541f9de2eefcd44d2fe457
*** Element info: {Using=id, value=katalon_only_element}

2021-05-16 13:16:37 - [MESSAGE][PASSED] - Navigate to 'https://www.w3schools.com/js/js_popup.asp' successfully

2021-05-16 13:16:37 - [TEST_STEP][PASSED] - obj = new com.kms.katalon.core.testobject.TestObject(test): null

2021-05-16 13:16:37 - [TEST_STEP][PASSED] - obj.addProperty("xpath", EQUALS, "//table[@id='nav']//tr//td[3]//a"): null

2021-05-16 13:16:37 - [TEST_STEP][PASSED] - j = 4: null

2021-05-16 13:16:37 - [TEST_STEP][PASSED] - while (waitForElementPresent(obj, 1)): Object 'test' is not present after 1 second(s)

2021-05-16 13:16:39 - [MESSAGE][INFO] - Unable to find the element located by 'By.xpath: //table[@id='nav']//tr//td[3]//a'. Please recheck the objects properties to make sure the desired element is located. 

2021-05-16 13:16:39 - [MESSAGE][WARNING] - [SELF-HEALING] Failed to find element with id 'test'. Try using Self-healing.

2021-05-16 13:16:39 - [MESSAGE][WARNING] - [SELF-HEALING] Index: 0, Size: 0

2021-05-16 13:16:39 - [MESSAGE][WARNING] - [SELF-HEALING] Cannot find elements when the selector is null

2021-05-16 13:16:39 - [MESSAGE][WARNING] - Object 'test' is not present after 1 second(s)

2021-05-16 13:16:39 - [TEST_STEP][PASSED] - waitForPageLoad(TimeOut): Wait for page load successfully

2021-05-16 13:16:39 - [MESSAGE][PASSED] - Wait for page load successfully

2021-05-16 13:16:39 - [TEST_STEP][PASSED] - maximizeWindow(): Current window maximized

2021-05-16 13:16:40 - [MESSAGE][PASSED] - Current window maximized

2021-05-16 13:16:40 - [TEST_STEP][PASSED] - click(findTestObject("W3School/TryItBtn")): Object: 'Object Repository/W3School/TryItBtn' is clicked on

2021-05-16 13:16:51 - [MESSAGE][PASSED] - Object: 'Object Repository/W3School/TryItBtn' is clicked on

2021-05-16 13:16:51 - [TEST_STEP][PASSED] - delay(1): Delayed 1 second(s)

2021-05-16 13:16:52 - [MESSAGE][PASSED] - Delayed 1 second(s)

2021-05-16 13:16:52 - [TEST_STEP][PASSED] - switchToWindowIndex(1): Switched to window with index: '1'

2021-05-16 13:16:52 - [MESSAGE][PASSED] - Switched to window with index: '1'

2021-05-16 13:16:52 - [TEST_STEP][PASSED] - switchToFrame(findTestObject("W3School/TryItButtonFrame"), TimeOut): null

2021-05-16 13:16:52 - [TEST_STEP][PASSED] - click(findTestObject("W3School/TryButton")): Object: 'Object Repository/W3School/TryButton' is clicked on

2021-05-16 13:16:53 - [MESSAGE][PASSED] - Object: 'Object Repository/W3School/TryButton' is clicked on

2021-05-16 13:16:53 - [TEST_STEP][PASSED] - acceptAlert(): Alert accepted

2021-05-16 13:16:53 - [MESSAGE][PASSED] - Alert accepted

2021-05-16 13:16:53 - [TEST_STEP][PASSED] - switchToDefaultContent(): null

2021-05-16 13:16:53 - [TEST_STEP][PASSED] - closeBrowser(): Browser is closed

2021-05-16 13:16:53 - [MESSAGE][PASSED] - Browser is closed]]></system-out>
         <system-err><![CDATA[]]></system-err>
      </testcase>
      <system-out><![CDATA[2021-05-16 13:16:06 - [TEST_SUITE][INCOMPLETE] - AlertTestSuite: null]]></system-out>
      <system-err><![CDATA[2021-05-16 13:16:06 - [TEST_SUITE][INCOMPLETE] - AlertTestSuite: null]]></system-err>
   </testsuite>
</testsuites>
