<?xml version="1.0" encoding="UTF-8"?>
<testsuites name="AlertTestSuite" time="40.409" tests="2" failures="0" skips="0" errors="0">
   <testsuite name="AlertTestSuite" tests="2" failures="0" errors="0" time="40.409" skips="0" timestamp="2021-05-22 10:30:42" hostname="rathr1 - L41992WUS.rpega.com" id="Test Suites/AlertTestSuite">
      <properties>
         <property name="deviceName" value=""/>
         <property name="devicePlatform" value=""/>
         <property name="logFolder" value="C:\\Data\\GitHub\\SeleniumAutomationWithKatalonStudio7.4.x\\Reports\\20210522_103035\\AlertTestSuite\\20210522_103035"/>
         <property name="logFiles" value="C:\\Data\\GitHub\\SeleniumAutomationWithKatalonStudio7.4.x\\Reports\\20210522_103035\\AlertTestSuite\\20210522_103035\\execution0.log"/>
         <property name="attachments" value=""/>
         <property name="hostName" value="rathr1 - L41992WUS.rpega.com"/>
         <property name="os" value="Windows 10 64bit"/>
         <property name="katalonVersion" value="7.8.0.208"/>
         <property name="browser" value="Chrome 90.0.4430.212"/>
         <property name="hostAddress" value="55.55.55.1"/>
         <property name="sessionId" value="8c83bbe7e39136f1ee50eeb8a041f404"/>
         <property name="seleniumVersion" value="3.141.59"/>
         <property name="proxyInformation" value="ProxyInformation { proxyOption=NO_PROXY, proxyServerType=HTTP, username=, password=********, proxyServerAddress=, proxyServerPort=0, executionList=&quot;&quot;, isApplyToDesiredCapabilities=true }"/>
         <property name="platform" value="Windows 10"/>
      </properties>
      <testcase name="Test Cases/Alert/TC-HandleAlert - Multiple" time="28.943" classname="Test Cases/Alert/TC-HandleAlert - Multiple" status="PASSED">
         <system-out><![CDATA[2021-05-22 10:30:46 - [TEST_CASE][PASSED] - Test Cases/Alert/TC-HandleAlert - Multiple: Test Cases/Alert/TC-HandleAlert - Multiple

2021-05-22 10:30:47 - [TEST_STEP][PASSED] - openBrowser("https://www.w3schools.com/js/js_popup.asp"): Browser is opened with url: 'https://www.w3schools.com/js/js_popup.asp'

2021-05-22 10:30:47 - [MESSAGE][WARNING] - A browser is already opened. Closing browser and opening a new one

2021-05-22 10:30:47 - [MESSAGE][INFO] - Connecting to remote web server 'http://localhost:4445/wd/hub' with type 'Selenium'

2021-05-22 10:30:47 - [MESSAGE][INFO] - Action delay is set to 0 milliseconds

2021-05-22 10:30:48 - [MESSAGE][ERROR] - no such element: Unable to locate element: {"method":"css selector","selector":"#katalon_only_element"}
  (Session info: chrome=90.0.4430.212)
For documentation on this error, please visit: https://www.seleniumhq.org/exceptions/no_such_element.html
Build info: version: '3.141.59', revision: 'e82be7d358', time: '2018-11-14T08:25:53'
System info: host: 'L41992WUS', ip: '55.55.55.1', os.name: 'Windows 10', os.arch: 'amd64', os.version: '10.0', java.version: '1.8.0_181'
Driver info: com.kms.katalon.selenium.driver.CRemoteWebDriver
Capabilities {acceptInsecureCerts: false, browserName: chrome, browserVersion: 90.0.4430.212, chrome: {chromedriverVersion: 90.0.4430.24 (4c6d850f087da..., userDataDir: /tmp/.com.google.Chrome.woYgN6}, goog:chromeOptions: {debuggerAddress: localhost:45161}, javascriptEnabled: true, networkConnectionEnabled: false, pageLoadStrategy: normal, platform: LINUX, platformName: LINUX, proxy: Proxy(), setWindowRect: true, strictFileInteractability: false, timeouts: {implicit: 0, pageLoad: 300000, script: 30000}, unhandledPromptBehavior: dismiss and notify, webauthn:extension:largeBlob: true, webauthn:virtualAuthenticators: true}
Session ID: c64ba77f120ebc58399d180bd2a8b8b2
*** Element info: {Using=id, value=katalon_only_element}

2021-05-22 10:30:48 - [MESSAGE][PASSED] - Browser is opened with url: 'https://www.w3schools.com/js/js_popup.asp'

2021-05-22 10:30:48 - [TEST_STEP][PASSED] - waitForPageLoad(TimeOut): Wait for page load successfully

2021-05-22 10:30:48 - [MESSAGE][PASSED] - Wait for page load successfully

2021-05-22 10:30:48 - [TEST_STEP][PASSED] - maximizeWindow(): Current window maximized

2021-05-22 10:30:48 - [MESSAGE][PASSED] - Current window maximized

2021-05-22 10:30:48 - [TEST_STEP][PASSED] - click(findTestObject("W3School/TryItBtn")): Object: 'Object Repository/W3School/TryItBtn' is clicked on

2021-05-22 10:30:49 - [MESSAGE][PASSED] - Object: 'Object Repository/W3School/TryItBtn' is clicked on

2021-05-22 10:30:49 - [TEST_STEP][PASSED] - delay(1): Delayed 1 second(s)

2021-05-22 10:30:50 - [MESSAGE][PASSED] - Delayed 1 second(s)

2021-05-22 10:30:50 - [TEST_STEP][PASSED] - switchToWindowIndex(1): Switched to window with index: '1'

2021-05-22 10:30:50 - [MESSAGE][PASSED] - Switched to window with index: '1'

2021-05-22 10:30:50 - [TEST_STEP][PASSED] - switchToFrame(findTestObject("W3School/TryItButtonFrame"), TimeOut): null

2021-05-22 10:30:50 - [TEST_STEP][PASSED] - click(findTestObject("W3School/TryButton")): Object: 'Object Repository/W3School/TryButton' is clicked on

2021-05-22 10:30:50 - [MESSAGE][PASSED] - Object: 'Object Repository/W3School/TryButton' is clicked on

2021-05-22 10:30:50 - [TEST_STEP][PASSED] - acceptAlert(): Alert accepted

2021-05-22 10:30:50 - [MESSAGE][PASSED] - Alert accepted

2021-05-22 10:30:50 - [TEST_STEP][PASSED] - switchToDefaultContent(): null

2021-05-22 10:30:50 - [TEST_STEP][PASSED] - closeBrowser(): Browser is closed

2021-05-22 10:30:50 - [MESSAGE][PASSED] - Browser is closed

2021-05-22 10:30:50 - [TEST_STEP][PASSED] - openBrowser("https://www.w3schools.com/js/js_popup.asp"): Browser is opened with url: 'https://www.w3schools.com/js/js_popup.asp'

2021-05-22 10:30:50 - [MESSAGE][INFO] - Connecting to remote web server 'http://localhost:4445/wd/hub' with type 'Selenium'

2021-05-22 10:30:50 - [MESSAGE][INFO] - Action delay is set to 0 milliseconds

2021-05-22 10:30:52 - [MESSAGE][ERROR] - no such element: Unable to locate element: {"method":"css selector","selector":"#katalon_only_element"}
  (Session info: chrome=90.0.4430.212)
For documentation on this error, please visit: https://www.seleniumhq.org/exceptions/no_such_element.html
Build info: version: '3.141.59', revision: 'e82be7d358', time: '2018-11-14T08:25:53'
System info: host: 'L41992WUS', ip: '55.55.55.1', os.name: 'Windows 10', os.arch: 'amd64', os.version: '10.0', java.version: '1.8.0_181'
Driver info: com.kms.katalon.selenium.driver.CRemoteWebDriver
Capabilities {acceptInsecureCerts: false, browserName: chrome, browserVersion: 90.0.4430.212, chrome: {chromedriverVersion: 90.0.4430.24 (4c6d850f087da..., userDataDir: /tmp/.com.google.Chrome.4esdJE}, goog:chromeOptions: {debuggerAddress: localhost:37981}, javascriptEnabled: true, networkConnectionEnabled: false, pageLoadStrategy: normal, platform: LINUX, platformName: LINUX, proxy: Proxy(), setWindowRect: true, strictFileInteractability: false, timeouts: {implicit: 0, pageLoad: 300000, script: 30000}, unhandledPromptBehavior: dismiss and notify, webauthn:extension:largeBlob: true, webauthn:virtualAuthenticators: true}
Session ID: 0ab61d03f1a819b1b72935974a0f7fde
*** Element info: {Using=id, value=katalon_only_element}

2021-05-22 10:30:52 - [MESSAGE][PASSED] - Browser is opened with url: 'https://www.w3schools.com/js/js_popup.asp'

2021-05-22 10:30:52 - [TEST_STEP][PASSED] - waitForPageLoad(TimeOut): Wait for page load successfully

2021-05-22 10:30:52 - [MESSAGE][PASSED] - Wait for page load successfully

2021-05-22 10:30:52 - [TEST_STEP][PASSED] - maximizeWindow(): Current window maximized

2021-05-22 10:30:52 - [MESSAGE][PASSED] - Current window maximized

2021-05-22 10:30:52 - [TEST_STEP][PASSED] - click(findTestObject("W3School/TryItBtn")): Object: 'Object Repository/W3School/TryItBtn' is clicked on

2021-05-22 10:30:52 - [MESSAGE][PASSED] - Object: 'Object Repository/W3School/TryItBtn' is clicked on

2021-05-22 10:30:52 - [TEST_STEP][PASSED] - delay(1): Delayed 1 second(s)

2021-05-22 10:30:53 - [MESSAGE][PASSED] - Delayed 1 second(s)

2021-05-22 10:30:53 - [TEST_STEP][PASSED] - switchToWindowIndex(1): Switched to window with index: '1'

2021-05-22 10:30:53 - [MESSAGE][PASSED] - Switched to window with index: '1'

2021-05-22 10:30:53 - [TEST_STEP][PASSED] - switchToFrame(findTestObject("W3School/TryItButtonFrame"), TimeOut): null

2021-05-22 10:30:53 - [TEST_STEP][PASSED] - click(findTestObject("W3School/TryButton")): Object: 'Object Repository/W3School/TryButton' is clicked on

2021-05-22 10:30:53 - [MESSAGE][PASSED] - Object: 'Object Repository/W3School/TryButton' is clicked on

2021-05-22 10:30:53 - [TEST_STEP][PASSED] - acceptAlert(): Alert accepted

2021-05-22 10:30:53 - [MESSAGE][PASSED] - Alert accepted

2021-05-22 10:30:53 - [TEST_STEP][PASSED] - switchToDefaultContent(): null

2021-05-22 10:30:53 - [TEST_STEP][PASSED] - closeBrowser(): Browser is closed

2021-05-22 10:30:53 - [MESSAGE][PASSED] - Browser is closed

2021-05-22 10:30:53 - [TEST_STEP][PASSED] - openBrowser("https://www.w3schools.com/js/js_popup.asp"): Browser is opened with url: 'https://www.w3schools.com/js/js_popup.asp'

2021-05-22 10:30:53 - [MESSAGE][INFO] - Connecting to remote web server 'http://localhost:4445/wd/hub' with type 'Selenium'

2021-05-22 10:30:53 - [MESSAGE][INFO] - Action delay is set to 0 milliseconds

2021-05-22 10:30:55 - [MESSAGE][ERROR] - no such element: Unable to locate element: {"method":"css selector","selector":"#katalon_only_element"}
  (Session info: chrome=90.0.4430.212)
For documentation on this error, please visit: https://www.seleniumhq.org/exceptions/no_such_element.html
Build info: version: '3.141.59', revision: 'e82be7d358', time: '2018-11-14T08:25:53'
System info: host: 'L41992WUS', ip: '55.55.55.1', os.name: 'Windows 10', os.arch: 'amd64', os.version: '10.0', java.version: '1.8.0_181'
Driver info: com.kms.katalon.selenium.driver.CRemoteWebDriver
Capabilities {acceptInsecureCerts: false, browserName: chrome, browserVersion: 90.0.4430.212, chrome: {chromedriverVersion: 90.0.4430.24 (4c6d850f087da..., userDataDir: /tmp/.com.google.Chrome.0RkXS7}, goog:chromeOptions: {debuggerAddress: localhost:34811}, javascriptEnabled: true, networkConnectionEnabled: false, pageLoadStrategy: normal, platform: LINUX, platformName: LINUX, proxy: Proxy(), setWindowRect: true, strictFileInteractability: false, timeouts: {implicit: 0, pageLoad: 300000, script: 30000}, unhandledPromptBehavior: dismiss and notify, webauthn:extension:largeBlob: true, webauthn:virtualAuthenticators: true}
Session ID: 0567f6fddec251f902b17c5c1f53bb74
*** Element info: {Using=id, value=katalon_only_element}

2021-05-22 10:30:55 - [MESSAGE][PASSED] - Browser is opened with url: 'https://www.w3schools.com/js/js_popup.asp'

2021-05-22 10:30:55 - [TEST_STEP][PASSED] - waitForPageLoad(TimeOut): Wait for page load successfully

2021-05-22 10:30:55 - [MESSAGE][PASSED] - Wait for page load successfully

2021-05-22 10:30:55 - [TEST_STEP][PASSED] - maximizeWindow(): Current window maximized

2021-05-22 10:30:55 - [MESSAGE][PASSED] - Current window maximized

2021-05-22 10:30:55 - [TEST_STEP][PASSED] - click(findTestObject("W3School/TryItBtn")): Object: 'Object Repository/W3School/TryItBtn' is clicked on

2021-05-22 10:30:55 - [MESSAGE][PASSED] - Object: 'Object Repository/W3School/TryItBtn' is clicked on

2021-05-22 10:30:55 - [TEST_STEP][PASSED] - delay(1): Delayed 1 second(s)

2021-05-22 10:30:56 - [MESSAGE][PASSED] - Delayed 1 second(s)

2021-05-22 10:30:56 - [TEST_STEP][PASSED] - switchToWindowIndex(1): Switched to window with index: '1'

2021-05-22 10:30:56 - [MESSAGE][PASSED] - Switched to window with index: '1'

2021-05-22 10:30:56 - [TEST_STEP][PASSED] - switchToFrame(findTestObject("W3School/TryItButtonFrame"), TimeOut): null

2021-05-22 10:30:57 - [TEST_STEP][PASSED] - click(findTestObject("W3School/TryButton")): Object: 'Object Repository/W3School/TryButton' is clicked on

2021-05-22 10:30:57 - [MESSAGE][PASSED] - Object: 'Object Repository/W3School/TryButton' is clicked on

2021-05-22 10:30:57 - [TEST_STEP][PASSED] - acceptAlert(): Alert accepted

2021-05-22 10:30:57 - [MESSAGE][PASSED] - Alert accepted

2021-05-22 10:30:57 - [TEST_STEP][PASSED] - switchToDefaultContent(): null

2021-05-22 10:30:57 - [TEST_STEP][PASSED] - closeBrowser(): Browser is closed

2021-05-22 10:30:57 - [MESSAGE][PASSED] - Browser is closed

2021-05-22 10:30:57 - [TEST_STEP][PASSED] - openBrowser("https://www.w3schools.com/js/js_popup.asp"): Browser is opened with url: 'https://www.w3schools.com/js/js_popup.asp'

2021-05-22 10:30:57 - [MESSAGE][INFO] - Connecting to remote web server 'http://localhost:4445/wd/hub' with type 'Selenium'

2021-05-22 10:30:57 - [MESSAGE][INFO] - Action delay is set to 0 milliseconds

2021-05-22 10:30:59 - [MESSAGE][ERROR] - no such element: Unable to locate element: {"method":"css selector","selector":"#katalon_only_element"}
  (Session info: chrome=90.0.4430.212)
For documentation on this error, please visit: https://www.seleniumhq.org/exceptions/no_such_element.html
Build info: version: '3.141.59', revision: 'e82be7d358', time: '2018-11-14T08:25:53'
System info: host: 'L41992WUS', ip: '55.55.55.1', os.name: 'Windows 10', os.arch: 'amd64', os.version: '10.0', java.version: '1.8.0_181'
Driver info: com.kms.katalon.selenium.driver.CRemoteWebDriver
Capabilities {acceptInsecureCerts: false, browserName: chrome, browserVersion: 90.0.4430.212, chrome: {chromedriverVersion: 90.0.4430.24 (4c6d850f087da..., userDataDir: /tmp/.com.google.Chrome.7VOeP9}, goog:chromeOptions: {debuggerAddress: localhost:34571}, javascriptEnabled: true, networkConnectionEnabled: false, pageLoadStrategy: normal, platform: LINUX, platformName: LINUX, proxy: Proxy(), setWindowRect: true, strictFileInteractability: false, timeouts: {implicit: 0, pageLoad: 300000, script: 30000}, unhandledPromptBehavior: dismiss and notify, webauthn:extension:largeBlob: true, webauthn:virtualAuthenticators: true}
Session ID: 8385197d04d84aa9c226377b324389aa
*** Element info: {Using=id, value=katalon_only_element}

2021-05-22 10:30:59 - [MESSAGE][PASSED] - Browser is opened with url: 'https://www.w3schools.com/js/js_popup.asp'

2021-05-22 10:30:59 - [TEST_STEP][PASSED] - waitForPageLoad(TimeOut): Wait for page load successfully

2021-05-22 10:30:59 - [MESSAGE][PASSED] - Wait for page load successfully

2021-05-22 10:30:59 - [TEST_STEP][PASSED] - maximizeWindow(): Current window maximized

2021-05-22 10:30:59 - [MESSAGE][PASSED] - Current window maximized

2021-05-22 10:30:59 - [TEST_STEP][PASSED] - click(findTestObject("W3School/TryItBtn")): Object: 'Object Repository/W3School/TryItBtn' is clicked on

2021-05-22 10:30:59 - [MESSAGE][PASSED] - Object: 'Object Repository/W3School/TryItBtn' is clicked on

2021-05-22 10:30:59 - [TEST_STEP][PASSED] - delay(1): Delayed 1 second(s)

2021-05-22 10:31:00 - [MESSAGE][PASSED] - Delayed 1 second(s)

2021-05-22 10:31:00 - [TEST_STEP][PASSED] - switchToWindowIndex(1): Switched to window with index: '1'

2021-05-22 10:31:00 - [MESSAGE][PASSED] - Switched to window with index: '1'

2021-05-22 10:31:00 - [TEST_STEP][PASSED] - switchToFrame(findTestObject("W3School/TryItButtonFrame"), TimeOut): null

2021-05-22 10:31:00 - [TEST_STEP][PASSED] - click(findTestObject("W3School/TryButton")): Object: 'Object Repository/W3School/TryButton' is clicked on

2021-05-22 10:31:00 - [MESSAGE][PASSED] - Object: 'Object Repository/W3School/TryButton' is clicked on

2021-05-22 10:31:00 - [TEST_STEP][PASSED] - acceptAlert(): Alert accepted

2021-05-22 10:31:01 - [MESSAGE][PASSED] - Alert accepted

2021-05-22 10:31:01 - [TEST_STEP][PASSED] - switchToDefaultContent(): null

2021-05-22 10:31:01 - [TEST_STEP][PASSED] - closeBrowser(): Browser is closed

2021-05-22 10:31:01 - [MESSAGE][PASSED] - Browser is closed

2021-05-22 10:31:01 - [TEST_STEP][PASSED] - openBrowser("https://www.w3schools.com/js/js_popup.asp"): Browser is opened with url: 'https://www.w3schools.com/js/js_popup.asp'

2021-05-22 10:31:01 - [MESSAGE][INFO] - Connecting to remote web server 'http://localhost:4445/wd/hub' with type 'Selenium'

2021-05-22 10:31:01 - [MESSAGE][INFO] - Action delay is set to 0 milliseconds

2021-05-22 10:31:03 - [MESSAGE][ERROR] - no such element: Unable to locate element: {"method":"css selector","selector":"#katalon_only_element"}
  (Session info: chrome=90.0.4430.212)
For documentation on this error, please visit: https://www.seleniumhq.org/exceptions/no_such_element.html
Build info: version: '3.141.59', revision: 'e82be7d358', time: '2018-11-14T08:25:53'
System info: host: 'L41992WUS', ip: '55.55.55.1', os.name: 'Windows 10', os.arch: 'amd64', os.version: '10.0', java.version: '1.8.0_181'
Driver info: com.kms.katalon.selenium.driver.CRemoteWebDriver
Capabilities {acceptInsecureCerts: false, browserName: chrome, browserVersion: 90.0.4430.212, chrome: {chromedriverVersion: 90.0.4430.24 (4c6d850f087da..., userDataDir: /tmp/.com.google.Chrome.rs5O8D}, goog:chromeOptions: {debuggerAddress: localhost:42943}, javascriptEnabled: true, networkConnectionEnabled: false, pageLoadStrategy: normal, platform: LINUX, platformName: LINUX, proxy: Proxy(), setWindowRect: true, strictFileInteractability: false, timeouts: {implicit: 0, pageLoad: 300000, script: 30000}, unhandledPromptBehavior: dismiss and notify, webauthn:extension:largeBlob: true, webauthn:virtualAuthenticators: true}
Session ID: e7b2dfe963639d8554f94c13cc6bc1d0
*** Element info: {Using=id, value=katalon_only_element}

2021-05-22 10:31:03 - [MESSAGE][PASSED] - Browser is opened with url: 'https://www.w3schools.com/js/js_popup.asp'

2021-05-22 10:31:03 - [TEST_STEP][PASSED] - waitForPageLoad(TimeOut): Wait for page load successfully

2021-05-22 10:31:03 - [MESSAGE][PASSED] - Wait for page load successfully

2021-05-22 10:31:03 - [TEST_STEP][PASSED] - maximizeWindow(): Current window maximized

2021-05-22 10:31:03 - [MESSAGE][PASSED] - Current window maximized

2021-05-22 10:31:03 - [TEST_STEP][PASSED] - click(findTestObject("W3School/TryItBtn")): Object: 'Object Repository/W3School/TryItBtn' is clicked on

2021-05-22 10:31:03 - [MESSAGE][PASSED] - Object: 'Object Repository/W3School/TryItBtn' is clicked on

2021-05-22 10:31:03 - [TEST_STEP][PASSED] - delay(1): Delayed 1 second(s)

2021-05-22 10:31:04 - [MESSAGE][PASSED] - Delayed 1 second(s)

2021-05-22 10:31:04 - [TEST_STEP][PASSED] - switchToWindowIndex(1): Switched to window with index: '1'

2021-05-22 10:31:04 - [MESSAGE][PASSED] - Switched to window with index: '1'

2021-05-22 10:31:04 - [TEST_STEP][PASSED] - switchToFrame(findTestObject("W3School/TryItButtonFrame"), TimeOut): null

2021-05-22 10:31:04 - [TEST_STEP][PASSED] - click(findTestObject("W3School/TryButton")): Object: 'Object Repository/W3School/TryButton' is clicked on

2021-05-22 10:31:04 - [MESSAGE][PASSED] - Object: 'Object Repository/W3School/TryButton' is clicked on

2021-05-22 10:31:04 - [TEST_STEP][PASSED] - acceptAlert(): Alert accepted

2021-05-22 10:31:04 - [MESSAGE][PASSED] - Alert accepted

2021-05-22 10:31:04 - [TEST_STEP][PASSED] - switchToDefaultContent(): null

2021-05-22 10:31:04 - [TEST_STEP][PASSED] - closeBrowser(): Browser is closed

2021-05-22 10:31:04 - [MESSAGE][PASSED] - Browser is closed

2021-05-22 10:31:04 - [TEST_STEP][PASSED] - openBrowser("https://www.w3schools.com/js/js_popup.asp"): Browser is opened with url: 'https://www.w3schools.com/js/js_popup.asp'

2021-05-22 10:31:04 - [MESSAGE][INFO] - Connecting to remote web server 'http://localhost:4445/wd/hub' with type 'Selenium'

2021-05-22 10:31:04 - [MESSAGE][INFO] - Action delay is set to 0 milliseconds

2021-05-22 10:31:06 - [MESSAGE][ERROR] - no such element: Unable to locate element: {"method":"css selector","selector":"#katalon_only_element"}
  (Session info: chrome=90.0.4430.212)
For documentation on this error, please visit: https://www.seleniumhq.org/exceptions/no_such_element.html
Build info: version: '3.141.59', revision: 'e82be7d358', time: '2018-11-14T08:25:53'
System info: host: 'L41992WUS', ip: '55.55.55.1', os.name: 'Windows 10', os.arch: 'amd64', os.version: '10.0', java.version: '1.8.0_181'
Driver info: com.kms.katalon.selenium.driver.CRemoteWebDriver
Capabilities {acceptInsecureCerts: false, browserName: chrome, browserVersion: 90.0.4430.212, chrome: {chromedriverVersion: 90.0.4430.24 (4c6d850f087da..., userDataDir: /tmp/.com.google.Chrome.2Opk1y}, goog:chromeOptions: {debuggerAddress: localhost:39257}, javascriptEnabled: true, networkConnectionEnabled: false, pageLoadStrategy: normal, platform: LINUX, platformName: LINUX, proxy: Proxy(), setWindowRect: true, strictFileInteractability: false, timeouts: {implicit: 0, pageLoad: 300000, script: 30000}, unhandledPromptBehavior: dismiss and notify, webauthn:extension:largeBlob: true, webauthn:virtualAuthenticators: true}
Session ID: f1344390ed738dd20f4928d596c5e7c4
*** Element info: {Using=id, value=katalon_only_element}

2021-05-22 10:31:06 - [MESSAGE][PASSED] - Browser is opened with url: 'https://www.w3schools.com/js/js_popup.asp'

2021-05-22 10:31:06 - [TEST_STEP][PASSED] - waitForPageLoad(TimeOut): Wait for page load successfully

2021-05-22 10:31:06 - [MESSAGE][PASSED] - Wait for page load successfully

2021-05-22 10:31:06 - [TEST_STEP][PASSED] - maximizeWindow(): Current window maximized

2021-05-22 10:31:06 - [MESSAGE][PASSED] - Current window maximized

2021-05-22 10:31:06 - [TEST_STEP][PASSED] - click(findTestObject("W3School/TryItBtn")): Object: 'Object Repository/W3School/TryItBtn' is clicked on

2021-05-22 10:31:06 - [MESSAGE][PASSED] - Object: 'Object Repository/W3School/TryItBtn' is clicked on

2021-05-22 10:31:06 - [TEST_STEP][PASSED] - delay(1): Delayed 1 second(s)

2021-05-22 10:31:07 - [MESSAGE][PASSED] - Delayed 1 second(s)

2021-05-22 10:31:07 - [TEST_STEP][PASSED] - switchToWindowIndex(1): Switched to window with index: '1'

2021-05-22 10:31:08 - [MESSAGE][PASSED] - Switched to window with index: '1'

2021-05-22 10:31:08 - [TEST_STEP][PASSED] - switchToFrame(findTestObject("W3School/TryItButtonFrame"), TimeOut): null

2021-05-22 10:31:08 - [TEST_STEP][PASSED] - click(findTestObject("W3School/TryButton")): Object: 'Object Repository/W3School/TryButton' is clicked on

2021-05-22 10:31:08 - [MESSAGE][PASSED] - Object: 'Object Repository/W3School/TryButton' is clicked on

2021-05-22 10:31:08 - [TEST_STEP][PASSED] - acceptAlert(): Alert accepted

2021-05-22 10:31:08 - [MESSAGE][PASSED] - Alert accepted

2021-05-22 10:31:08 - [TEST_STEP][PASSED] - switchToDefaultContent(): null

2021-05-22 10:31:08 - [TEST_STEP][PASSED] - closeBrowser(): Browser is closed

2021-05-22 10:31:08 - [MESSAGE][PASSED] - Browser is closed

2021-05-22 10:31:08 - [TEST_STEP][PASSED] - openBrowser("https://www.w3schools.com/js/js_popup.asp"): Browser is opened with url: 'https://www.w3schools.com/js/js_popup.asp'

2021-05-22 10:31:08 - [MESSAGE][INFO] - Connecting to remote web server 'http://localhost:4445/wd/hub' with type 'Selenium'

2021-05-22 10:31:08 - [MESSAGE][INFO] - Action delay is set to 0 milliseconds

2021-05-22 10:31:10 - [MESSAGE][ERROR] - no such element: Unable to locate element: {"method":"css selector","selector":"#katalon_only_element"}
  (Session info: chrome=90.0.4430.212)
For documentation on this error, please visit: https://www.seleniumhq.org/exceptions/no_such_element.html
Build info: version: '3.141.59', revision: 'e82be7d358', time: '2018-11-14T08:25:53'
System info: host: 'L41992WUS', ip: '55.55.55.1', os.name: 'Windows 10', os.arch: 'amd64', os.version: '10.0', java.version: '1.8.0_181'
Driver info: com.kms.katalon.selenium.driver.CRemoteWebDriver
Capabilities {acceptInsecureCerts: false, browserName: chrome, browserVersion: 90.0.4430.212, chrome: {chromedriverVersion: 90.0.4430.24 (4c6d850f087da..., userDataDir: /tmp/.com.google.Chrome.Qbs4Sn}, goog:chromeOptions: {debuggerAddress: localhost:39151}, javascriptEnabled: true, networkConnectionEnabled: false, pageLoadStrategy: normal, platform: LINUX, platformName: LINUX, proxy: Proxy(), setWindowRect: true, strictFileInteractability: false, timeouts: {implicit: 0, pageLoad: 300000, script: 30000}, unhandledPromptBehavior: dismiss and notify, webauthn:extension:largeBlob: true, webauthn:virtualAuthenticators: true}
Session ID: 7f042e877110c1a67f642bb69934d90c
*** Element info: {Using=id, value=katalon_only_element}

2021-05-22 10:31:10 - [MESSAGE][PASSED] - Browser is opened with url: 'https://www.w3schools.com/js/js_popup.asp'

2021-05-22 10:31:10 - [TEST_STEP][PASSED] - waitForPageLoad(TimeOut): Wait for page load successfully

2021-05-22 10:31:10 - [MESSAGE][PASSED] - Wait for page load successfully

2021-05-22 10:31:10 - [TEST_STEP][PASSED] - maximizeWindow(): Current window maximized

2021-05-22 10:31:10 - [MESSAGE][PASSED] - Current window maximized

2021-05-22 10:31:10 - [TEST_STEP][PASSED] - click(findTestObject("W3School/TryItBtn")): Object: 'Object Repository/W3School/TryItBtn' is clicked on

2021-05-22 10:31:10 - [MESSAGE][PASSED] - Object: 'Object Repository/W3School/TryItBtn' is clicked on

2021-05-22 10:31:10 - [TEST_STEP][PASSED] - delay(1): Delayed 1 second(s)

2021-05-22 10:31:11 - [MESSAGE][PASSED] - Delayed 1 second(s)

2021-05-22 10:31:11 - [TEST_STEP][PASSED] - switchToWindowIndex(1): Switched to window with index: '1'

2021-05-22 10:31:11 - [MESSAGE][PASSED] - Switched to window with index: '1'

2021-05-22 10:31:11 - [TEST_STEP][PASSED] - switchToFrame(findTestObject("W3School/TryItButtonFrame"), TimeOut): null

2021-05-22 10:31:11 - [TEST_STEP][PASSED] - click(findTestObject("W3School/TryButton")): Object: 'Object Repository/W3School/TryButton' is clicked on

2021-05-22 10:31:11 - [MESSAGE][PASSED] - Object: 'Object Repository/W3School/TryButton' is clicked on

2021-05-22 10:31:11 - [TEST_STEP][PASSED] - acceptAlert(): Alert accepted

2021-05-22 10:31:11 - [MESSAGE][PASSED] - Alert accepted

2021-05-22 10:31:11 - [TEST_STEP][PASSED] - switchToDefaultContent(): null

2021-05-22 10:31:12 - [TEST_STEP][PASSED] - closeBrowser(): Browser is closed

2021-05-22 10:31:12 - [MESSAGE][PASSED] - Browser is closed

2021-05-22 10:31:12 - [TEST_STEP][PASSED] - openBrowser("https://www.w3schools.com/js/js_popup.asp"): Browser is opened with url: 'https://www.w3schools.com/js/js_popup.asp'

2021-05-22 10:31:12 - [MESSAGE][INFO] - Connecting to remote web server 'http://localhost:4445/wd/hub' with type 'Selenium'

2021-05-22 10:31:12 - [MESSAGE][INFO] - Action delay is set to 0 milliseconds

2021-05-22 10:31:14 - [MESSAGE][ERROR] - no such element: Unable to locate element: {"method":"css selector","selector":"#katalon_only_element"}
  (Session info: chrome=90.0.4430.212)
For documentation on this error, please visit: https://www.seleniumhq.org/exceptions/no_such_element.html
Build info: version: '3.141.59', revision: 'e82be7d358', time: '2018-11-14T08:25:53'
System info: host: 'L41992WUS', ip: '55.55.55.1', os.name: 'Windows 10', os.arch: 'amd64', os.version: '10.0', java.version: '1.8.0_181'
Driver info: com.kms.katalon.selenium.driver.CRemoteWebDriver
Capabilities {acceptInsecureCerts: false, browserName: chrome, browserVersion: 90.0.4430.212, chrome: {chromedriverVersion: 90.0.4430.24 (4c6d850f087da..., userDataDir: /tmp/.com.google.Chrome.aMxCr6}, goog:chromeOptions: {debuggerAddress: localhost:36383}, javascriptEnabled: true, networkConnectionEnabled: false, pageLoadStrategy: normal, platform: LINUX, platformName: LINUX, proxy: Proxy(), setWindowRect: true, strictFileInteractability: false, timeouts: {implicit: 0, pageLoad: 300000, script: 30000}, unhandledPromptBehavior: dismiss and notify, webauthn:extension:largeBlob: true, webauthn:virtualAuthenticators: true}
Session ID: abc7e22f2feeb9ef589893ffa000197f
*** Element info: {Using=id, value=katalon_only_element}

2021-05-22 10:31:14 - [MESSAGE][PASSED] - Browser is opened with url: 'https://www.w3schools.com/js/js_popup.asp'

2021-05-22 10:31:14 - [TEST_STEP][PASSED] - waitForPageLoad(TimeOut): Wait for page load successfully

2021-05-22 10:31:14 - [MESSAGE][PASSED] - Wait for page load successfully

2021-05-22 10:31:14 - [TEST_STEP][PASSED] - maximizeWindow(): Current window maximized

2021-05-22 10:31:14 - [MESSAGE][PASSED] - Current window maximized

2021-05-22 10:31:14 - [TEST_STEP][PASSED] - click(findTestObject("W3School/TryItBtn")): Object: 'Object Repository/W3School/TryItBtn' is clicked on

2021-05-22 10:31:14 - [MESSAGE][PASSED] - Object: 'Object Repository/W3School/TryItBtn' is clicked on

2021-05-22 10:31:14 - [TEST_STEP][PASSED] - delay(1): Delayed 1 second(s)

2021-05-22 10:31:15 - [MESSAGE][PASSED] - Delayed 1 second(s)

2021-05-22 10:31:15 - [TEST_STEP][PASSED] - switchToWindowIndex(1): Switched to window with index: '1'

2021-05-22 10:31:15 - [MESSAGE][PASSED] - Switched to window with index: '1'

2021-05-22 10:31:15 - [TEST_STEP][PASSED] - switchToFrame(findTestObject("W3School/TryItButtonFrame"), TimeOut): null

2021-05-22 10:31:15 - [TEST_STEP][PASSED] - click(findTestObject("W3School/TryButton")): Object: 'Object Repository/W3School/TryButton' is clicked on

2021-05-22 10:31:15 - [MESSAGE][PASSED] - Object: 'Object Repository/W3School/TryButton' is clicked on

2021-05-22 10:31:15 - [TEST_STEP][PASSED] - acceptAlert(): Alert accepted

2021-05-22 10:31:15 - [MESSAGE][PASSED] - Alert accepted

2021-05-22 10:31:15 - [TEST_STEP][PASSED] - switchToDefaultContent(): null

2021-05-22 10:31:15 - [TEST_STEP][PASSED] - closeBrowser(): Browser is closed

2021-05-22 10:31:15 - [MESSAGE][PASSED] - Browser is closed]]></system-out>
         <system-err><![CDATA[]]></system-err>
      </testcase>
      <testcase name="Test Cases/Alert/TC-HandleAlert" time="6.703" classname="Test Cases/Alert/TC-HandleAlert" status="PASSED">
         <system-out><![CDATA[2021-05-22 10:31:15 - [TEST_CASE][PASSED] - Test Cases/Alert/TC-HandleAlert: Test Cases/Alert/TC-HandleAlert

2021-05-22 10:31:16 - [TEST_STEP][PASSED] - openBrowser(null): Browser is opened with url: 'null'

2021-05-22 10:31:16 - [MESSAGE][INFO] - Connecting to remote web server 'http://localhost:4445/wd/hub' with type 'Selenium'

2021-05-22 10:31:16 - [MESSAGE][INFO] - Action delay is set to 0 milliseconds

2021-05-22 10:31:16 - [MESSAGE][PASSED] - Browser is opened with url: 'null'

2021-05-22 10:31:16 - [TEST_STEP][PASSED] - navigateToUrl("https://www.w3schools.com/js/js_popup.asp"): Navigate to 'https://www.w3schools.com/js/js_popup.asp' successfully

2021-05-22 10:31:17 - [MESSAGE][ERROR] - no such element: Unable to locate element: {"method":"css selector","selector":"#katalon_only_element"}
  (Session info: chrome=90.0.4430.212)
For documentation on this error, please visit: https://www.seleniumhq.org/exceptions/no_such_element.html
Build info: version: '3.141.59', revision: 'e82be7d358', time: '2018-11-14T08:25:53'
System info: host: 'L41992WUS', ip: '55.55.55.1', os.name: 'Windows 10', os.arch: 'amd64', os.version: '10.0', java.version: '1.8.0_181'
Driver info: com.kms.katalon.selenium.driver.CRemoteWebDriver
Capabilities {acceptInsecureCerts: false, browserName: chrome, browserVersion: 90.0.4430.212, chrome: {chromedriverVersion: 90.0.4430.24 (4c6d850f087da..., userDataDir: /tmp/.com.google.Chrome.a4eaje}, goog:chromeOptions: {debuggerAddress: localhost:39959}, javascriptEnabled: true, networkConnectionEnabled: false, pageLoadStrategy: normal, platform: LINUX, platformName: LINUX, proxy: Proxy(), setWindowRect: true, strictFileInteractability: false, timeouts: {implicit: 0, pageLoad: 300000, script: 30000}, unhandledPromptBehavior: dismiss and notify, webauthn:extension:largeBlob: true, webauthn:virtualAuthenticators: true}
Session ID: 8c83bbe7e39136f1ee50eeb8a041f404
*** Element info: {Using=id, value=katalon_only_element}

2021-05-22 10:31:17 - [MESSAGE][PASSED] - Navigate to 'https://www.w3schools.com/js/js_popup.asp' successfully

2021-05-22 10:31:17 - [TEST_STEP][PASSED] - obj = new com.kms.katalon.core.testobject.TestObject(test): null

2021-05-22 10:31:17 - [TEST_STEP][PASSED] - obj.addProperty("xpath", EQUALS, "//table[@id='nav']//tr//td[3]//a"): null

2021-05-22 10:31:17 - [TEST_STEP][PASSED] - j = 4: null

2021-05-22 10:31:17 - [TEST_STEP][PASSED] - while (waitForElementPresent(obj, 1)): Object 'test' is not present after 1 second(s)

2021-05-22 10:31:19 - [MESSAGE][INFO] - Unable to find the element located by 'By.xpath: //table[@id='nav']//tr//td[3]//a'. Please recheck the objects properties to make sure the desired element is located. 

2021-05-22 10:31:19 - [MESSAGE][WARNING] - [SELF-HEALING] Failed to find element with id 'test'. Try using Self-healing.

2021-05-22 10:31:19 - [MESSAGE][WARNING] - [SELF-HEALING] Index: 0, Size: 0

2021-05-22 10:31:19 - [MESSAGE][WARNING] - [SELF-HEALING] Cannot find elements when the selector is null

2021-05-22 10:31:19 - [MESSAGE][WARNING] - Object 'test' is not present after 1 second(s)

2021-05-22 10:31:19 - [TEST_STEP][PASSED] - waitForPageLoad(TimeOut): Wait for page load successfully

2021-05-22 10:31:20 - [MESSAGE][PASSED] - Wait for page load successfully

2021-05-22 10:31:20 - [TEST_STEP][PASSED] - maximizeWindow(): Current window maximized

2021-05-22 10:31:20 - [MESSAGE][PASSED] - Current window maximized

2021-05-22 10:31:20 - [TEST_STEP][PASSED] - click(findTestObject("W3School/TryItBtn")): Object: 'Object Repository/W3School/TryItBtn' is clicked on

2021-05-22 10:31:21 - [MESSAGE][PASSED] - Object: 'Object Repository/W3School/TryItBtn' is clicked on

2021-05-22 10:31:21 - [TEST_STEP][PASSED] - delay(1): Delayed 1 second(s)

2021-05-22 10:31:22 - [MESSAGE][PASSED] - Delayed 1 second(s)

2021-05-22 10:31:22 - [TEST_STEP][PASSED] - switchToWindowIndex(1): Switched to window with index: '1'

2021-05-22 10:31:22 - [MESSAGE][PASSED] - Switched to window with index: '1'

2021-05-22 10:31:22 - [TEST_STEP][PASSED] - switchToFrame(findTestObject("W3School/TryItButtonFrame"), TimeOut): null

2021-05-22 10:31:22 - [TEST_STEP][PASSED] - click(findTestObject("W3School/TryButton")): Object: 'Object Repository/W3School/TryButton' is clicked on

2021-05-22 10:31:22 - [MESSAGE][PASSED] - Object: 'Object Repository/W3School/TryButton' is clicked on

2021-05-22 10:31:22 - [TEST_STEP][PASSED] - acceptAlert(): Alert accepted

2021-05-22 10:31:22 - [MESSAGE][PASSED] - Alert accepted

2021-05-22 10:31:22 - [TEST_STEP][PASSED] - switchToDefaultContent(): null

2021-05-22 10:31:22 - [TEST_STEP][PASSED] - closeBrowser(): Browser is closed

2021-05-22 10:31:22 - [MESSAGE][PASSED] - Browser is closed]]></system-out>
         <system-err><![CDATA[]]></system-err>
      </testcase>
      <system-out><![CDATA[2021-05-22 10:30:42 - [TEST_SUITE][INCOMPLETE] - AlertTestSuite: null]]></system-out>
      <system-err><![CDATA[2021-05-22 10:30:42 - [TEST_SUITE][INCOMPLETE] - AlertTestSuite: null]]></system-err>
   </testsuite>
</testsuites>
