<?xml version="1.0" encoding="UTF-8"?>
<testsuites name="AlertTestSuite" time="78.848" tests="2" failures="0" skips="0" errors="0">
   <testsuite name="AlertTestSuite" tests="2" failures="0" errors="0" time="78.848" skips="0" timestamp="2021-05-22 10:13:24" hostname="rathr1 - L41992WUS.rpega.com" id="Test Suites/AlertTestSuite">
      <properties>
         <property name="deviceName" value=""/>
         <property name="devicePlatform" value=""/>
         <property name="logFolder" value="C:\\Data\\GitHub\\SeleniumAutomationWithKatalonStudio7.4.x\\Reports\\20210522_101317\\AlertTestSuite\\20210522_101317"/>
         <property name="logFiles" value="C:\\Data\\GitHub\\SeleniumAutomationWithKatalonStudio7.4.x\\Reports\\20210522_101317\\AlertTestSuite\\20210522_101317\\execution0.log"/>
         <property name="attachments" value=""/>
         <property name="hostName" value="rathr1 - L41992WUS.rpega.com"/>
         <property name="os" value="Windows 10 64bit"/>
         <property name="katalonVersion" value="7.8.0.208"/>
         <property name="browser" value="Chrome 90.0.4430.212"/>
         <property name="hostAddress" value="55.55.55.1"/>
         <property name="sessionId" value="c31ec94b47a872f66a4a5530dd81104f"/>
         <property name="seleniumVersion" value="3.141.59"/>
         <property name="proxyInformation" value="ProxyInformation { proxyOption=NO_PROXY, proxyServerType=HTTP, username=, password=********, proxyServerAddress=, proxyServerPort=0, executionList=&quot;&quot;, isApplyToDesiredCapabilities=true }"/>
         <property name="platform" value="Windows 10"/>
      </properties>
      <testcase name="Test Cases/Alert/TC-HandleAlert - Multiple" time="66.033" classname="Test Cases/Alert/TC-HandleAlert - Multiple" status="PASSED">
         <system-out><![CDATA[2021-05-22 10:13:30 - [TEST_CASE][PASSED] - Test Cases/Alert/TC-HandleAlert - Multiple: Test Cases/Alert/TC-HandleAlert - Multiple

2021-05-22 10:13:30 - [TEST_STEP][PASSED] - openBrowser("https://www.w3schools.com/js/js_popup.asp"): Browser is opened with url: 'https://www.w3schools.com/js/js_popup.asp'

2021-05-22 10:13:30 - [MESSAGE][WARNING] - A browser is already opened. Closing browser and opening a new one

2021-05-22 10:13:30 - [MESSAGE][INFO] - Connecting to remote web server 'http://localhost:4445/wd/hub' with type 'Selenium'

2021-05-22 10:13:30 - [MESSAGE][INFO] - Action delay is set to 0 milliseconds

2021-05-22 10:13:32 - [MESSAGE][ERROR] - no such element: Unable to locate element: {"method":"css selector","selector":"#katalon_only_element"}
  (Session info: chrome=90.0.4430.212)
For documentation on this error, please visit: https://www.seleniumhq.org/exceptions/no_such_element.html
Build info: version: '3.141.59', revision: 'e82be7d358', time: '2018-11-14T08:25:53'
System info: host: 'L41992WUS', ip: '55.55.55.1', os.name: 'Windows 10', os.arch: 'amd64', os.version: '10.0', java.version: '1.8.0_181'
Driver info: com.kms.katalon.selenium.driver.CRemoteWebDriver
Capabilities {acceptInsecureCerts: false, browserName: chrome, browserVersion: 90.0.4430.212, chrome: {chromedriverVersion: 90.0.4430.24 (4c6d850f087da..., userDataDir: /tmp/.com.google.Chrome.i5rqLg}, goog:chromeOptions: {debuggerAddress: localhost:37489}, javascriptEnabled: true, networkConnectionEnabled: false, pageLoadStrategy: normal, platform: LINUX, platformName: LINUX, proxy: Proxy(), setWindowRect: true, strictFileInteractability: false, timeouts: {implicit: 0, pageLoad: 300000, script: 30000}, unhandledPromptBehavior: dismiss and notify, webauthn:extension:largeBlob: true, webauthn:virtualAuthenticators: true}
Session ID: 62e6f3726e07078b9a59e8fc55fcaca0
*** Element info: {Using=id, value=katalon_only_element}

2021-05-22 10:13:32 - [MESSAGE][PASSED] - Browser is opened with url: 'https://www.w3schools.com/js/js_popup.asp'

2021-05-22 10:13:32 - [TEST_STEP][PASSED] - waitForPageLoad(TimeOut): Wait for page load successfully

2021-05-22 10:13:32 - [MESSAGE][PASSED] - Wait for page load successfully

2021-05-22 10:13:32 - [TEST_STEP][PASSED] - maximizeWindow(): Current window maximized

2021-05-22 10:13:32 - [MESSAGE][PASSED] - Current window maximized

2021-05-22 10:13:32 - [TEST_STEP][PASSED] - click(findTestObject("W3School/TryItBtn")): Object: 'Object Repository/W3School/TryItBtn' is clicked on

2021-05-22 10:13:32 - [MESSAGE][PASSED] - Object: 'Object Repository/W3School/TryItBtn' is clicked on

2021-05-22 10:13:32 - [TEST_STEP][PASSED] - delay(1): Delayed 1 second(s)

2021-05-22 10:13:33 - [MESSAGE][PASSED] - Delayed 1 second(s)

2021-05-22 10:13:33 - [TEST_STEP][PASSED] - switchToWindowIndex(1): Switched to window with index: '1'

2021-05-22 10:13:33 - [MESSAGE][PASSED] - Switched to window with index: '1'

2021-05-22 10:13:33 - [TEST_STEP][PASSED] - switchToFrame(findTestObject("W3School/TryItButtonFrame"), TimeOut): null

2021-05-22 10:13:34 - [TEST_STEP][PASSED] - click(findTestObject("W3School/TryButton")): Object: 'Object Repository/W3School/TryButton' is clicked on

2021-05-22 10:13:34 - [MESSAGE][PASSED] - Object: 'Object Repository/W3School/TryButton' is clicked on

2021-05-22 10:13:34 - [TEST_STEP][PASSED] - acceptAlert(): Alert accepted

2021-05-22 10:13:34 - [MESSAGE][PASSED] - Alert accepted

2021-05-22 10:13:34 - [TEST_STEP][PASSED] - switchToDefaultContent(): null

2021-05-22 10:13:34 - [TEST_STEP][PASSED] - closeBrowser(): Browser is closed

2021-05-22 10:13:34 - [MESSAGE][PASSED] - Browser is closed

2021-05-22 10:13:34 - [TEST_STEP][PASSED] - openBrowser("https://www.w3schools.com/js/js_popup.asp"): Browser is opened with url: 'https://www.w3schools.com/js/js_popup.asp'

2021-05-22 10:13:34 - [MESSAGE][INFO] - Connecting to remote web server 'http://localhost:4445/wd/hub' with type 'Selenium'

2021-05-22 10:13:34 - [MESSAGE][INFO] - Action delay is set to 0 milliseconds

2021-05-22 10:13:36 - [MESSAGE][ERROR] - no such element: Unable to locate element: {"method":"css selector","selector":"#katalon_only_element"}
  (Session info: chrome=90.0.4430.212)
For documentation on this error, please visit: https://www.seleniumhq.org/exceptions/no_such_element.html
Build info: version: '3.141.59', revision: 'e82be7d358', time: '2018-11-14T08:25:53'
System info: host: 'L41992WUS', ip: '55.55.55.1', os.name: 'Windows 10', os.arch: 'amd64', os.version: '10.0', java.version: '1.8.0_181'
Driver info: com.kms.katalon.selenium.driver.CRemoteWebDriver
Capabilities {acceptInsecureCerts: false, browserName: chrome, browserVersion: 90.0.4430.212, chrome: {chromedriverVersion: 90.0.4430.24 (4c6d850f087da..., userDataDir: /tmp/.com.google.Chrome.ofgfDk}, goog:chromeOptions: {debuggerAddress: localhost:33009}, javascriptEnabled: true, networkConnectionEnabled: false, pageLoadStrategy: normal, platform: LINUX, platformName: LINUX, proxy: Proxy(), setWindowRect: true, strictFileInteractability: false, timeouts: {implicit: 0, pageLoad: 300000, script: 30000}, unhandledPromptBehavior: dismiss and notify, webauthn:extension:largeBlob: true, webauthn:virtualAuthenticators: true}
Session ID: d5d3e5279350428dbdbee9cc6633c8fa
*** Element info: {Using=id, value=katalon_only_element}

2021-05-22 10:13:36 - [MESSAGE][PASSED] - Browser is opened with url: 'https://www.w3schools.com/js/js_popup.asp'

2021-05-22 10:13:36 - [TEST_STEP][PASSED] - waitForPageLoad(TimeOut): Wait for page load successfully

2021-05-22 10:13:36 - [MESSAGE][PASSED] - Wait for page load successfully

2021-05-22 10:13:36 - [TEST_STEP][PASSED] - maximizeWindow(): Current window maximized

2021-05-22 10:13:36 - [MESSAGE][PASSED] - Current window maximized

2021-05-22 10:13:36 - [TEST_STEP][PASSED] - click(findTestObject("W3School/TryItBtn")): Object: 'Object Repository/W3School/TryItBtn' is clicked on

2021-05-22 10:13:36 - [MESSAGE][PASSED] - Object: 'Object Repository/W3School/TryItBtn' is clicked on

2021-05-22 10:13:36 - [TEST_STEP][PASSED] - delay(1): Delayed 1 second(s)

2021-05-22 10:13:37 - [MESSAGE][PASSED] - Delayed 1 second(s)

2021-05-22 10:13:37 - [TEST_STEP][PASSED] - switchToWindowIndex(1): Switched to window with index: '1'

2021-05-22 10:13:37 - [MESSAGE][PASSED] - Switched to window with index: '1'

2021-05-22 10:13:37 - [TEST_STEP][PASSED] - switchToFrame(findTestObject("W3School/TryItButtonFrame"), TimeOut): null

2021-05-22 10:13:38 - [TEST_STEP][PASSED] - click(findTestObject("W3School/TryButton")): Object: 'Object Repository/W3School/TryButton' is clicked on

2021-05-22 10:13:38 - [MESSAGE][PASSED] - Object: 'Object Repository/W3School/TryButton' is clicked on

2021-05-22 10:13:38 - [TEST_STEP][PASSED] - acceptAlert(): Alert accepted

2021-05-22 10:13:38 - [MESSAGE][PASSED] - Alert accepted

2021-05-22 10:13:38 - [TEST_STEP][PASSED] - switchToDefaultContent(): null

2021-05-22 10:13:38 - [TEST_STEP][PASSED] - closeBrowser(): Browser is closed

2021-05-22 10:13:38 - [MESSAGE][PASSED] - Browser is closed

2021-05-22 10:13:38 - [TEST_STEP][PASSED] - openBrowser("https://www.w3schools.com/js/js_popup.asp"): Browser is opened with url: 'https://www.w3schools.com/js/js_popup.asp'

2021-05-22 10:13:38 - [MESSAGE][INFO] - Connecting to remote web server 'http://localhost:4445/wd/hub' with type 'Selenium'

2021-05-22 10:13:38 - [MESSAGE][INFO] - Action delay is set to 0 milliseconds

2021-05-22 10:13:41 - [MESSAGE][ERROR] - no such element: Unable to locate element: {"method":"css selector","selector":"#katalon_only_element"}
  (Session info: chrome=90.0.4430.212)
For documentation on this error, please visit: https://www.seleniumhq.org/exceptions/no_such_element.html
Build info: version: '3.141.59', revision: 'e82be7d358', time: '2018-11-14T08:25:53'
System info: host: 'L41992WUS', ip: '55.55.55.1', os.name: 'Windows 10', os.arch: 'amd64', os.version: '10.0', java.version: '1.8.0_181'
Driver info: com.kms.katalon.selenium.driver.CRemoteWebDriver
Capabilities {acceptInsecureCerts: false, browserName: chrome, browserVersion: 90.0.4430.212, chrome: {chromedriverVersion: 90.0.4430.24 (4c6d850f087da..., userDataDir: /tmp/.com.google.Chrome.o60O3Z}, goog:chromeOptions: {debuggerAddress: localhost:44051}, javascriptEnabled: true, networkConnectionEnabled: false, pageLoadStrategy: normal, platform: LINUX, platformName: LINUX, proxy: Proxy(), setWindowRect: true, strictFileInteractability: false, timeouts: {implicit: 0, pageLoad: 300000, script: 30000}, unhandledPromptBehavior: dismiss and notify, webauthn:extension:largeBlob: true, webauthn:virtualAuthenticators: true}
Session ID: 0f80ceaefcc3765cfcceb3e6bd760afa
*** Element info: {Using=id, value=katalon_only_element}

2021-05-22 10:13:41 - [MESSAGE][PASSED] - Browser is opened with url: 'https://www.w3schools.com/js/js_popup.asp'

2021-05-22 10:13:41 - [TEST_STEP][PASSED] - waitForPageLoad(TimeOut): Wait for page load successfully

2021-05-22 10:13:41 - [MESSAGE][PASSED] - Wait for page load successfully

2021-05-22 10:13:41 - [TEST_STEP][PASSED] - maximizeWindow(): Current window maximized

2021-05-22 10:13:41 - [MESSAGE][PASSED] - Current window maximized

2021-05-22 10:13:41 - [TEST_STEP][PASSED] - click(findTestObject("W3School/TryItBtn")): Object: 'Object Repository/W3School/TryItBtn' is clicked on

2021-05-22 10:13:41 - [MESSAGE][PASSED] - Object: 'Object Repository/W3School/TryItBtn' is clicked on

2021-05-22 10:13:41 - [TEST_STEP][PASSED] - delay(1): Delayed 1 second(s)

2021-05-22 10:13:42 - [MESSAGE][PASSED] - Delayed 1 second(s)

2021-05-22 10:13:42 - [TEST_STEP][PASSED] - switchToWindowIndex(1): Switched to window with index: '1'

2021-05-22 10:13:42 - [MESSAGE][PASSED] - Switched to window with index: '1'

2021-05-22 10:13:42 - [TEST_STEP][PASSED] - switchToFrame(findTestObject("W3School/TryItButtonFrame"), TimeOut): null

2021-05-22 10:13:43 - [TEST_STEP][PASSED] - click(findTestObject("W3School/TryButton")): Object: 'Object Repository/W3School/TryButton' is clicked on

2021-05-22 10:13:43 - [MESSAGE][PASSED] - Object: 'Object Repository/W3School/TryButton' is clicked on

2021-05-22 10:13:43 - [TEST_STEP][PASSED] - acceptAlert(): Alert accepted

2021-05-22 10:13:43 - [MESSAGE][PASSED] - Alert accepted

2021-05-22 10:13:43 - [TEST_STEP][PASSED] - switchToDefaultContent(): null

2021-05-22 10:13:43 - [TEST_STEP][PASSED] - closeBrowser(): Browser is closed

2021-05-22 10:13:43 - [MESSAGE][PASSED] - Browser is closed

2021-05-22 10:13:43 - [TEST_STEP][PASSED] - openBrowser("https://www.w3schools.com/js/js_popup.asp"): Browser is opened with url: 'https://www.w3schools.com/js/js_popup.asp'

2021-05-22 10:13:43 - [MESSAGE][INFO] - Connecting to remote web server 'http://localhost:4445/wd/hub' with type 'Selenium'

2021-05-22 10:13:43 - [MESSAGE][INFO] - Action delay is set to 0 milliseconds

2021-05-22 10:14:19 - [MESSAGE][ERROR] - no such element: Unable to locate element: {"method":"css selector","selector":"#katalon_only_element"}
  (Session info: chrome=90.0.4430.212)
For documentation on this error, please visit: https://www.seleniumhq.org/exceptions/no_such_element.html
Build info: version: '3.141.59', revision: 'e82be7d358', time: '2018-11-14T08:25:53'
System info: host: 'L41992WUS', ip: '55.55.55.1', os.name: 'Windows 10', os.arch: 'amd64', os.version: '10.0', java.version: '1.8.0_181'
Driver info: com.kms.katalon.selenium.driver.CRemoteWebDriver
Capabilities {acceptInsecureCerts: false, browserName: chrome, browserVersion: 90.0.4430.212, chrome: {chromedriverVersion: 90.0.4430.24 (4c6d850f087da..., userDataDir: /tmp/.com.google.Chrome.RldaDR}, goog:chromeOptions: {debuggerAddress: localhost:39125}, javascriptEnabled: true, networkConnectionEnabled: false, pageLoadStrategy: normal, platform: LINUX, platformName: LINUX, proxy: Proxy(), setWindowRect: true, strictFileInteractability: false, timeouts: {implicit: 0, pageLoad: 300000, script: 30000}, unhandledPromptBehavior: dismiss and notify, webauthn:extension:largeBlob: true, webauthn:virtualAuthenticators: true}
Session ID: e4562ce5c25c0e5dfe6602e7ff278861
*** Element info: {Using=id, value=katalon_only_element}

2021-05-22 10:14:19 - [MESSAGE][PASSED] - Browser is opened with url: 'https://www.w3schools.com/js/js_popup.asp'

2021-05-22 10:14:19 - [TEST_STEP][PASSED] - waitForPageLoad(TimeOut): Wait for page load successfully

2021-05-22 10:14:19 - [MESSAGE][PASSED] - Wait for page load successfully

2021-05-22 10:14:19 - [TEST_STEP][PASSED] - maximizeWindow(): Current window maximized

2021-05-22 10:14:19 - [MESSAGE][PASSED] - Current window maximized

2021-05-22 10:14:19 - [TEST_STEP][PASSED] - click(findTestObject("W3School/TryItBtn")): Object: 'Object Repository/W3School/TryItBtn' is clicked on

2021-05-22 10:14:19 - [MESSAGE][PASSED] - Object: 'Object Repository/W3School/TryItBtn' is clicked on

2021-05-22 10:14:19 - [TEST_STEP][PASSED] - delay(1): Delayed 1 second(s)

2021-05-22 10:14:20 - [MESSAGE][PASSED] - Delayed 1 second(s)

2021-05-22 10:14:20 - [TEST_STEP][PASSED] - switchToWindowIndex(1): Switched to window with index: '1'

2021-05-22 10:14:21 - [MESSAGE][PASSED] - Switched to window with index: '1'

2021-05-22 10:14:21 - [TEST_STEP][PASSED] - switchToFrame(findTestObject("W3School/TryItButtonFrame"), TimeOut): null

2021-05-22 10:14:21 - [TEST_STEP][PASSED] - click(findTestObject("W3School/TryButton")): Object: 'Object Repository/W3School/TryButton' is clicked on

2021-05-22 10:14:21 - [MESSAGE][PASSED] - Object: 'Object Repository/W3School/TryButton' is clicked on

2021-05-22 10:14:21 - [TEST_STEP][PASSED] - acceptAlert(): Alert accepted

2021-05-22 10:14:21 - [MESSAGE][PASSED] - Alert accepted

2021-05-22 10:14:21 - [TEST_STEP][PASSED] - switchToDefaultContent(): null

2021-05-22 10:14:21 - [TEST_STEP][PASSED] - closeBrowser(): Browser is closed

2021-05-22 10:14:21 - [MESSAGE][PASSED] - Browser is closed

2021-05-22 10:14:21 - [TEST_STEP][PASSED] - openBrowser("https://www.w3schools.com/js/js_popup.asp"): Browser is opened with url: 'https://www.w3schools.com/js/js_popup.asp'

2021-05-22 10:14:21 - [MESSAGE][INFO] - Connecting to remote web server 'http://localhost:4445/wd/hub' with type 'Selenium'

2021-05-22 10:14:21 - [MESSAGE][INFO] - Action delay is set to 0 milliseconds

2021-05-22 10:14:23 - [MESSAGE][ERROR] - no such element: Unable to locate element: {"method":"css selector","selector":"#katalon_only_element"}
  (Session info: chrome=90.0.4430.212)
For documentation on this error, please visit: https://www.seleniumhq.org/exceptions/no_such_element.html
Build info: version: '3.141.59', revision: 'e82be7d358', time: '2018-11-14T08:25:53'
System info: host: 'L41992WUS', ip: '55.55.55.1', os.name: 'Windows 10', os.arch: 'amd64', os.version: '10.0', java.version: '1.8.0_181'
Driver info: com.kms.katalon.selenium.driver.CRemoteWebDriver
Capabilities {acceptInsecureCerts: false, browserName: chrome, browserVersion: 90.0.4430.212, chrome: {chromedriverVersion: 90.0.4430.24 (4c6d850f087da..., userDataDir: /tmp/.com.google.Chrome.cIMopS}, goog:chromeOptions: {debuggerAddress: localhost:46677}, javascriptEnabled: true, networkConnectionEnabled: false, pageLoadStrategy: normal, platform: LINUX, platformName: LINUX, proxy: Proxy(), setWindowRect: true, strictFileInteractability: false, timeouts: {implicit: 0, pageLoad: 300000, script: 30000}, unhandledPromptBehavior: dismiss and notify, webauthn:extension:largeBlob: true, webauthn:virtualAuthenticators: true}
Session ID: 84ec7383653050cdbc9726584b808a89
*** Element info: {Using=id, value=katalon_only_element}

2021-05-22 10:14:23 - [MESSAGE][PASSED] - Browser is opened with url: 'https://www.w3schools.com/js/js_popup.asp'

2021-05-22 10:14:23 - [TEST_STEP][PASSED] - waitForPageLoad(TimeOut): Wait for page load successfully

2021-05-22 10:14:23 - [MESSAGE][PASSED] - Wait for page load successfully

2021-05-22 10:14:23 - [TEST_STEP][PASSED] - maximizeWindow(): Current window maximized

2021-05-22 10:14:24 - [MESSAGE][PASSED] - Current window maximized

2021-05-22 10:14:24 - [TEST_STEP][PASSED] - click(findTestObject("W3School/TryItBtn")): Object: 'Object Repository/W3School/TryItBtn' is clicked on

2021-05-22 10:14:24 - [MESSAGE][PASSED] - Object: 'Object Repository/W3School/TryItBtn' is clicked on

2021-05-22 10:14:24 - [TEST_STEP][PASSED] - delay(1): Delayed 1 second(s)

2021-05-22 10:14:25 - [MESSAGE][PASSED] - Delayed 1 second(s)

2021-05-22 10:14:25 - [TEST_STEP][PASSED] - switchToWindowIndex(1): Switched to window with index: '1'

2021-05-22 10:14:25 - [MESSAGE][PASSED] - Switched to window with index: '1'

2021-05-22 10:14:25 - [TEST_STEP][PASSED] - switchToFrame(findTestObject("W3School/TryItButtonFrame"), TimeOut): null

2021-05-22 10:14:25 - [TEST_STEP][PASSED] - click(findTestObject("W3School/TryButton")): Object: 'Object Repository/W3School/TryButton' is clicked on

2021-05-22 10:14:25 - [MESSAGE][PASSED] - Object: 'Object Repository/W3School/TryButton' is clicked on

2021-05-22 10:14:25 - [TEST_STEP][PASSED] - acceptAlert(): Alert accepted

2021-05-22 10:14:25 - [MESSAGE][PASSED] - Alert accepted

2021-05-22 10:14:25 - [TEST_STEP][PASSED] - switchToDefaultContent(): null

2021-05-22 10:14:25 - [TEST_STEP][PASSED] - closeBrowser(): Browser is closed

2021-05-22 10:14:25 - [MESSAGE][PASSED] - Browser is closed

2021-05-22 10:14:25 - [TEST_STEP][PASSED] - openBrowser("https://www.w3schools.com/js/js_popup.asp"): Browser is opened with url: 'https://www.w3schools.com/js/js_popup.asp'

2021-05-22 10:14:25 - [MESSAGE][INFO] - Connecting to remote web server 'http://localhost:4445/wd/hub' with type 'Selenium'

2021-05-22 10:14:25 - [MESSAGE][INFO] - Action delay is set to 0 milliseconds

2021-05-22 10:14:27 - [MESSAGE][ERROR] - no such element: Unable to locate element: {"method":"css selector","selector":"#katalon_only_element"}
  (Session info: chrome=90.0.4430.212)
For documentation on this error, please visit: https://www.seleniumhq.org/exceptions/no_such_element.html
Build info: version: '3.141.59', revision: 'e82be7d358', time: '2018-11-14T08:25:53'
System info: host: 'L41992WUS', ip: '55.55.55.1', os.name: 'Windows 10', os.arch: 'amd64', os.version: '10.0', java.version: '1.8.0_181'
Driver info: com.kms.katalon.selenium.driver.CRemoteWebDriver
Capabilities {acceptInsecureCerts: false, browserName: chrome, browserVersion: 90.0.4430.212, chrome: {chromedriverVersion: 90.0.4430.24 (4c6d850f087da..., userDataDir: /tmp/.com.google.Chrome.C2WzdL}, goog:chromeOptions: {debuggerAddress: localhost:35047}, javascriptEnabled: true, networkConnectionEnabled: false, pageLoadStrategy: normal, platform: LINUX, platformName: LINUX, proxy: Proxy(), setWindowRect: true, strictFileInteractability: false, timeouts: {implicit: 0, pageLoad: 300000, script: 30000}, unhandledPromptBehavior: dismiss and notify, webauthn:extension:largeBlob: true, webauthn:virtualAuthenticators: true}
Session ID: 645db2f2e351e1e7a9f0ee5d8bd81238
*** Element info: {Using=id, value=katalon_only_element}

2021-05-22 10:14:27 - [MESSAGE][PASSED] - Browser is opened with url: 'https://www.w3schools.com/js/js_popup.asp'

2021-05-22 10:14:27 - [TEST_STEP][PASSED] - waitForPageLoad(TimeOut): Wait for page load successfully

2021-05-22 10:14:27 - [MESSAGE][PASSED] - Wait for page load successfully

2021-05-22 10:14:27 - [TEST_STEP][PASSED] - maximizeWindow(): Current window maximized

2021-05-22 10:14:27 - [MESSAGE][PASSED] - Current window maximized

2021-05-22 10:14:27 - [TEST_STEP][PASSED] - click(findTestObject("W3School/TryItBtn")): Object: 'Object Repository/W3School/TryItBtn' is clicked on

2021-05-22 10:14:27 - [MESSAGE][PASSED] - Object: 'Object Repository/W3School/TryItBtn' is clicked on

2021-05-22 10:14:27 - [TEST_STEP][PASSED] - delay(1): Delayed 1 second(s)

2021-05-22 10:14:28 - [MESSAGE][PASSED] - Delayed 1 second(s)

2021-05-22 10:14:28 - [TEST_STEP][PASSED] - switchToWindowIndex(1): Switched to window with index: '1'

2021-05-22 10:14:28 - [MESSAGE][PASSED] - Switched to window with index: '1'

2021-05-22 10:14:28 - [TEST_STEP][PASSED] - switchToFrame(findTestObject("W3School/TryItButtonFrame"), TimeOut): null

2021-05-22 10:14:28 - [TEST_STEP][PASSED] - click(findTestObject("W3School/TryButton")): Object: 'Object Repository/W3School/TryButton' is clicked on

2021-05-22 10:14:28 - [MESSAGE][PASSED] - Object: 'Object Repository/W3School/TryButton' is clicked on

2021-05-22 10:14:28 - [TEST_STEP][PASSED] - acceptAlert(): Alert accepted

2021-05-22 10:14:28 - [MESSAGE][PASSED] - Alert accepted

2021-05-22 10:14:28 - [TEST_STEP][PASSED] - switchToDefaultContent(): null

2021-05-22 10:14:29 - [TEST_STEP][PASSED] - closeBrowser(): Browser is closed

2021-05-22 10:14:29 - [MESSAGE][PASSED] - Browser is closed

2021-05-22 10:14:29 - [TEST_STEP][PASSED] - openBrowser("https://www.w3schools.com/js/js_popup.asp"): Browser is opened with url: 'https://www.w3schools.com/js/js_popup.asp'

2021-05-22 10:14:29 - [MESSAGE][INFO] - Connecting to remote web server 'http://localhost:4445/wd/hub' with type 'Selenium'

2021-05-22 10:14:29 - [MESSAGE][INFO] - Action delay is set to 0 milliseconds

2021-05-22 10:14:31 - [MESSAGE][ERROR] - no such element: Unable to locate element: {"method":"css selector","selector":"#katalon_only_element"}
  (Session info: chrome=90.0.4430.212)
For documentation on this error, please visit: https://www.seleniumhq.org/exceptions/no_such_element.html
Build info: version: '3.141.59', revision: 'e82be7d358', time: '2018-11-14T08:25:53'
System info: host: 'L41992WUS', ip: '55.55.55.1', os.name: 'Windows 10', os.arch: 'amd64', os.version: '10.0', java.version: '1.8.0_181'
Driver info: com.kms.katalon.selenium.driver.CRemoteWebDriver
Capabilities {acceptInsecureCerts: false, browserName: chrome, browserVersion: 90.0.4430.212, chrome: {chromedriverVersion: 90.0.4430.24 (4c6d850f087da..., userDataDir: /tmp/.com.google.Chrome.laC0uh}, goog:chromeOptions: {debuggerAddress: localhost:44583}, javascriptEnabled: true, networkConnectionEnabled: false, pageLoadStrategy: normal, platform: LINUX, platformName: LINUX, proxy: Proxy(), setWindowRect: true, strictFileInteractability: false, timeouts: {implicit: 0, pageLoad: 300000, script: 30000}, unhandledPromptBehavior: dismiss and notify, webauthn:extension:largeBlob: true, webauthn:virtualAuthenticators: true}
Session ID: a16d20813ce93a32b24a91e83aeac52c
*** Element info: {Using=id, value=katalon_only_element}

2021-05-22 10:14:31 - [MESSAGE][PASSED] - Browser is opened with url: 'https://www.w3schools.com/js/js_popup.asp'

2021-05-22 10:14:31 - [TEST_STEP][PASSED] - waitForPageLoad(TimeOut): Wait for page load successfully

2021-05-22 10:14:31 - [MESSAGE][PASSED] - Wait for page load successfully

2021-05-22 10:14:31 - [TEST_STEP][PASSED] - maximizeWindow(): Current window maximized

2021-05-22 10:14:31 - [MESSAGE][PASSED] - Current window maximized

2021-05-22 10:14:31 - [TEST_STEP][PASSED] - click(findTestObject("W3School/TryItBtn")): Object: 'Object Repository/W3School/TryItBtn' is clicked on

2021-05-22 10:14:31 - [MESSAGE][PASSED] - Object: 'Object Repository/W3School/TryItBtn' is clicked on

2021-05-22 10:14:31 - [TEST_STEP][PASSED] - delay(1): Delayed 1 second(s)

2021-05-22 10:14:32 - [MESSAGE][PASSED] - Delayed 1 second(s)

2021-05-22 10:14:32 - [TEST_STEP][PASSED] - switchToWindowIndex(1): Switched to window with index: '1'

2021-05-22 10:14:32 - [MESSAGE][PASSED] - Switched to window with index: '1'

2021-05-22 10:14:32 - [TEST_STEP][PASSED] - switchToFrame(findTestObject("W3School/TryItButtonFrame"), TimeOut): null

2021-05-22 10:14:32 - [TEST_STEP][PASSED] - click(findTestObject("W3School/TryButton")): Object: 'Object Repository/W3School/TryButton' is clicked on

2021-05-22 10:14:32 - [MESSAGE][PASSED] - Object: 'Object Repository/W3School/TryButton' is clicked on

2021-05-22 10:14:32 - [TEST_STEP][PASSED] - acceptAlert(): Alert accepted

2021-05-22 10:14:32 - [MESSAGE][PASSED] - Alert accepted

2021-05-22 10:14:32 - [TEST_STEP][PASSED] - switchToDefaultContent(): null

2021-05-22 10:14:32 - [TEST_STEP][PASSED] - closeBrowser(): Browser is closed

2021-05-22 10:14:32 - [MESSAGE][PASSED] - Browser is closed

2021-05-22 10:14:32 - [TEST_STEP][PASSED] - openBrowser("https://www.w3schools.com/js/js_popup.asp"): Browser is opened with url: 'https://www.w3schools.com/js/js_popup.asp'

2021-05-22 10:14:32 - [MESSAGE][INFO] - Connecting to remote web server 'http://localhost:4445/wd/hub' with type 'Selenium'

2021-05-22 10:14:32 - [MESSAGE][INFO] - Action delay is set to 0 milliseconds

2021-05-22 10:14:34 - [MESSAGE][ERROR] - no such element: Unable to locate element: {"method":"css selector","selector":"#katalon_only_element"}
  (Session info: chrome=90.0.4430.212)
For documentation on this error, please visit: https://www.seleniumhq.org/exceptions/no_such_element.html
Build info: version: '3.141.59', revision: 'e82be7d358', time: '2018-11-14T08:25:53'
System info: host: 'L41992WUS', ip: '55.55.55.1', os.name: 'Windows 10', os.arch: 'amd64', os.version: '10.0', java.version: '1.8.0_181'
Driver info: com.kms.katalon.selenium.driver.CRemoteWebDriver
Capabilities {acceptInsecureCerts: false, browserName: chrome, browserVersion: 90.0.4430.212, chrome: {chromedriverVersion: 90.0.4430.24 (4c6d850f087da..., userDataDir: /tmp/.com.google.Chrome.nEl5ce}, goog:chromeOptions: {debuggerAddress: localhost:36681}, javascriptEnabled: true, networkConnectionEnabled: false, pageLoadStrategy: normal, platform: LINUX, platformName: LINUX, proxy: Proxy(), setWindowRect: true, strictFileInteractability: false, timeouts: {implicit: 0, pageLoad: 300000, script: 30000}, unhandledPromptBehavior: dismiss and notify, webauthn:extension:largeBlob: true, webauthn:virtualAuthenticators: true}
Session ID: da6cdc92a87c00eee2a45431f1b509b5
*** Element info: {Using=id, value=katalon_only_element}

2021-05-22 10:14:34 - [MESSAGE][PASSED] - Browser is opened with url: 'https://www.w3schools.com/js/js_popup.asp'

2021-05-22 10:14:34 - [TEST_STEP][PASSED] - waitForPageLoad(TimeOut): Wait for page load successfully

2021-05-22 10:14:34 - [MESSAGE][PASSED] - Wait for page load successfully

2021-05-22 10:14:34 - [TEST_STEP][PASSED] - maximizeWindow(): Current window maximized

2021-05-22 10:14:34 - [MESSAGE][PASSED] - Current window maximized

2021-05-22 10:14:34 - [TEST_STEP][PASSED] - click(findTestObject("W3School/TryItBtn")): Object: 'Object Repository/W3School/TryItBtn' is clicked on

2021-05-22 10:14:35 - [MESSAGE][PASSED] - Object: 'Object Repository/W3School/TryItBtn' is clicked on

2021-05-22 10:14:35 - [TEST_STEP][PASSED] - delay(1): Delayed 1 second(s)

2021-05-22 10:14:36 - [MESSAGE][PASSED] - Delayed 1 second(s)

2021-05-22 10:14:36 - [TEST_STEP][PASSED] - switchToWindowIndex(1): Switched to window with index: '1'

2021-05-22 10:14:36 - [MESSAGE][PASSED] - Switched to window with index: '1'

2021-05-22 10:14:36 - [TEST_STEP][PASSED] - switchToFrame(findTestObject("W3School/TryItButtonFrame"), TimeOut): null

2021-05-22 10:14:36 - [TEST_STEP][PASSED] - click(findTestObject("W3School/TryButton")): Object: 'Object Repository/W3School/TryButton' is clicked on

2021-05-22 10:14:36 - [MESSAGE][PASSED] - Object: 'Object Repository/W3School/TryButton' is clicked on

2021-05-22 10:14:36 - [TEST_STEP][PASSED] - acceptAlert(): Alert accepted

2021-05-22 10:14:36 - [MESSAGE][PASSED] - Alert accepted

2021-05-22 10:14:36 - [TEST_STEP][PASSED] - switchToDefaultContent(): null

2021-05-22 10:14:36 - [TEST_STEP][PASSED] - closeBrowser(): Browser is closed

2021-05-22 10:14:36 - [MESSAGE][PASSED] - Browser is closed]]></system-out>
         <system-err><![CDATA[]]></system-err>
      </testcase>
      <testcase name="Test Cases/Alert/TC-HandleAlert" time="6.458" classname="Test Cases/Alert/TC-HandleAlert" status="PASSED">
         <system-out><![CDATA[2021-05-22 10:14:36 - [TEST_CASE][PASSED] - Test Cases/Alert/TC-HandleAlert: Test Cases/Alert/TC-HandleAlert

2021-05-22 10:14:36 - [TEST_STEP][PASSED] - openBrowser(null): Browser is opened with url: 'null'

2021-05-22 10:14:36 - [MESSAGE][INFO] - Connecting to remote web server 'http://localhost:4445/wd/hub' with type 'Selenium'

2021-05-22 10:14:36 - [MESSAGE][INFO] - Action delay is set to 0 milliseconds

2021-05-22 10:14:36 - [MESSAGE][PASSED] - Browser is opened with url: 'null'

2021-05-22 10:14:36 - [TEST_STEP][PASSED] - navigateToUrl("https://www.w3schools.com/js/js_popup.asp"): Navigate to 'https://www.w3schools.com/js/js_popup.asp' successfully

2021-05-22 10:14:38 - [MESSAGE][ERROR] - no such element: Unable to locate element: {"method":"css selector","selector":"#katalon_only_element"}
  (Session info: chrome=90.0.4430.212)
For documentation on this error, please visit: https://www.seleniumhq.org/exceptions/no_such_element.html
Build info: version: '3.141.59', revision: 'e82be7d358', time: '2018-11-14T08:25:53'
System info: host: 'L41992WUS', ip: '55.55.55.1', os.name: 'Windows 10', os.arch: 'amd64', os.version: '10.0', java.version: '1.8.0_181'
Driver info: com.kms.katalon.selenium.driver.CRemoteWebDriver
Capabilities {acceptInsecureCerts: false, browserName: chrome, browserVersion: 90.0.4430.212, chrome: {chromedriverVersion: 90.0.4430.24 (4c6d850f087da..., userDataDir: /tmp/.com.google.Chrome.GUOVdf}, goog:chromeOptions: {debuggerAddress: localhost:42089}, javascriptEnabled: true, networkConnectionEnabled: false, pageLoadStrategy: normal, platform: LINUX, platformName: LINUX, proxy: Proxy(), setWindowRect: true, strictFileInteractability: false, timeouts: {implicit: 0, pageLoad: 300000, script: 30000}, unhandledPromptBehavior: dismiss and notify, webauthn:extension:largeBlob: true, webauthn:virtualAuthenticators: true}
Session ID: c31ec94b47a872f66a4a5530dd81104f
*** Element info: {Using=id, value=katalon_only_element}

2021-05-22 10:14:38 - [MESSAGE][PASSED] - Navigate to 'https://www.w3schools.com/js/js_popup.asp' successfully

2021-05-22 10:14:38 - [TEST_STEP][PASSED] - obj = new com.kms.katalon.core.testobject.TestObject(test): null

2021-05-22 10:14:38 - [TEST_STEP][PASSED] - obj.addProperty("xpath", EQUALS, "//table[@id='nav']//tr//td[3]//a"): null

2021-05-22 10:14:38 - [TEST_STEP][PASSED] - j = 4: null

2021-05-22 10:14:38 - [TEST_STEP][PASSED] - while (waitForElementPresent(obj, 1)): Object 'test' is not present after 1 second(s)

2021-05-22 10:14:40 - [MESSAGE][INFO] - Unable to find the element located by 'By.xpath: //table[@id='nav']//tr//td[3]//a'. Please recheck the objects properties to make sure the desired element is located. 

2021-05-22 10:14:40 - [MESSAGE][WARNING] - [SELF-HEALING] Failed to find element with id 'test'. Try using Self-healing.

2021-05-22 10:14:40 - [MESSAGE][WARNING] - [SELF-HEALING] Index: 0, Size: 0

2021-05-22 10:14:40 - [MESSAGE][WARNING] - [SELF-HEALING] Cannot find elements when the selector is null

2021-05-22 10:14:40 - [MESSAGE][WARNING] - Object 'test' is not present after 1 second(s)

2021-05-22 10:14:40 - [TEST_STEP][PASSED] - waitForPageLoad(TimeOut): Wait for page load successfully

2021-05-22 10:14:40 - [MESSAGE][PASSED] - Wait for page load successfully

2021-05-22 10:14:40 - [TEST_STEP][PASSED] - maximizeWindow(): Current window maximized

2021-05-22 10:14:41 - [MESSAGE][PASSED] - Current window maximized

2021-05-22 10:14:41 - [TEST_STEP][PASSED] - click(findTestObject("W3School/TryItBtn")): Object: 'Object Repository/W3School/TryItBtn' is clicked on

2021-05-22 10:14:41 - [MESSAGE][PASSED] - Object: 'Object Repository/W3School/TryItBtn' is clicked on

2021-05-22 10:14:41 - [TEST_STEP][PASSED] - delay(1): Delayed 1 second(s)

2021-05-22 10:14:42 - [MESSAGE][PASSED] - Delayed 1 second(s)

2021-05-22 10:14:42 - [TEST_STEP][PASSED] - switchToWindowIndex(1): Switched to window with index: '1'

2021-05-22 10:14:42 - [MESSAGE][PASSED] - Switched to window with index: '1'

2021-05-22 10:14:42 - [TEST_STEP][PASSED] - switchToFrame(findTestObject("W3School/TryItButtonFrame"), TimeOut): null

2021-05-22 10:14:42 - [TEST_STEP][PASSED] - click(findTestObject("W3School/TryButton")): Object: 'Object Repository/W3School/TryButton' is clicked on

2021-05-22 10:14:42 - [MESSAGE][PASSED] - Object: 'Object Repository/W3School/TryButton' is clicked on

2021-05-22 10:14:42 - [TEST_STEP][PASSED] - acceptAlert(): Alert accepted

2021-05-22 10:14:42 - [MESSAGE][PASSED] - Alert accepted

2021-05-22 10:14:42 - [TEST_STEP][PASSED] - switchToDefaultContent(): null

2021-05-22 10:14:42 - [TEST_STEP][PASSED] - closeBrowser(): Browser is closed

2021-05-22 10:14:42 - [MESSAGE][PASSED] - Browser is closed]]></system-out>
         <system-err><![CDATA[]]></system-err>
      </testcase>
      <system-out><![CDATA[2021-05-22 10:13:24 - [TEST_SUITE][INCOMPLETE] - AlertTestSuite: null]]></system-out>
      <system-err><![CDATA[2021-05-22 10:13:24 - [TEST_SUITE][INCOMPLETE] - AlertTestSuite: null]]></system-err>
   </testsuite>
</testsuites>
